<?xml version="1.0" encoding="UTF-8"?>
<robot generator="Robot 5.0.1 (Python 3.8.8 on linux)" generated="20220701 07:59:19.426" rpa="false" schemaversion="3">
<suite id="s1" name="Local" source="/home/nsmith/Documents/MergingFutures/clients/CORI/dev/cori-data-api/python-microservices/local">
<suite id="s1-s1" name="Test Bcat Geojson Api" source="/home/nsmith/Documents/MergingFutures/clients/CORI/dev/cori-data-api/python-microservices/local/test_bcat_geojson_api.robot">
<test id="s1-s1-t1" name="geoid_co auction_904_subsidy_awards" line="9">
<kw name="Validate JSON">
<arg>/bcat/auction_904_subsidy_awards/geojson</arg>
<arg>geoid_co=47001&amp;state_abbr=TN</arg>
<kw name="GET" library="RequestsLibrary">
<var>${response}</var>
<arg>${server}${url}</arg>
<arg>params=${params}</arg>
<arg>expected_status=200</arg>
<doc>Sends a GET request.</doc>
<msg timestamp="20220701 07:59:19.576" level="INFO">GET Request : url=https://8bpqgqz68e.execute-api.us-east-1.amazonaws.com/dev/bcat/auction_904_subsidy_awards/geojson?geoid_co=47001&amp;state_abbr=TN 
 path_url=/dev/bcat/auction_904_subsidy_awards/geojson?geoid_co=47001&amp;state_abbr=TN 
 headers={'User-Agent': 'python-requests/2.26.0', 'Accept-Encoding': 'gzip, deflate, br', 'Accept': '*/*', 'Connection': 'keep-alive'} 
 body=None 
 </msg>
<msg timestamp="20220701 07:59:19.576" level="INFO">GET Response : url=https://8bpqgqz68e.execute-api.us-east-1.amazonaws.com/dev/bcat/auction_904_subsidy_awards/geojson?geoid_co=47001&amp;state_abbr=TN 
 status=401, reason=Unauthorized 
 headers={'Content-Type': 'application/json', 'Content-Length': '26', 'Connection': 'keep-alive', 'Date': 'Fri, 01 Jul 2022 11:59:19 GMT', 'x-amzn-RequestId': 'eb48388e-d984-49af-838a-4d2e8e23e2f0', 'Access-Control-Allow-Origin': '*', 'x-amzn-ErrorType': 'UnauthorizedException', 'x-amz-apigw-id': 'UlgvtE51oAMFpHQ=', 'X-Amzn-Trace-Id': 'Root=1-62bee197-3a184cc50a5a88d05684e81a', 'X-Cache': 'Error from cloudfront', 'Via': '1.1 b4d936db4a90ac6e06d19d66ebba832e.cloudfront.net (CloudFront)', 'X-Amz-Cf-Pop': 'EWR50-C1', 'X-Amz-Cf-Id': 'nHw4XXc4d71J31QbdFBXwOoiogbCkzQPOWB6MUkxgQJpKkgOFC0xMw=='} 
 body={"message":"Unauthorized"} 
 </msg>
<msg timestamp="20220701 07:59:19.577" level="FAIL">Url: https://8bpqgqz68e.execute-api.us-east-1.amazonaws.com/dev/bcat/auction_904_subsidy_awards/geojson?geoid_co=47001&amp;state_abbr=TN Expected status: 401 != 200</msg>
<status status="FAIL" starttime="20220701 07:59:19.485" endtime="20220701 07:59:19.577"/>
</kw>
<kw name="Dictionary Should Contain Key" library="Collections">
<arg>${response.json()}</arg>
<arg>type</arg>
<doc>Fails if ``key`` is not found from ``dictionary``.</doc>
<status status="NOT RUN" starttime="20220701 07:59:19.577" endtime="20220701 07:59:19.577"/>
</kw>
<kw name="Dictionary Should Contain Key" library="Collections">
<arg>${response.json()}</arg>
<arg>features</arg>
<doc>Fails if ``key`` is not found from ``dictionary``.</doc>
<status status="NOT RUN" starttime="20220701 07:59:19.578" endtime="20220701 07:59:19.578"/>
</kw>
<kw name="Should Be Equal As Strings" library="BuiltIn">
<arg>${response.json()}[type]</arg>
<arg>FeatureCollection</arg>
<doc>Fails if objects are unequal after converting them to strings.</doc>
<status status="NOT RUN" starttime="20220701 07:59:19.578" endtime="20220701 07:59:19.578"/>
</kw>
<kw name="Dictionary Should Contain Key" library="Collections">
<arg>${response.json()}[features][0]</arg>
<arg>geometry</arg>
<doc>Fails if ``key`` is not found from ``dictionary``.</doc>
<status status="NOT RUN" starttime="20220701 07:59:19.578" endtime="20220701 07:59:19.578"/>
</kw>
<kw name="Dictionary Should Contain Key" library="Collections">
<arg>${response.json()}[features][0]</arg>
<arg>properties</arg>
<doc>Fails if ``key`` is not found from ``dictionary``.</doc>
<status status="NOT RUN" starttime="20220701 07:59:19.578" endtime="20220701 07:59:19.578"/>
</kw>
<kw name="Dictionary Should Contain Key" library="Collections">
<arg>${response.json()}[features][0]</arg>
<arg>type</arg>
<doc>Fails if ``key`` is not found from ``dictionary``.</doc>
<status status="NOT RUN" starttime="20220701 07:59:19.578" endtime="20220701 07:59:19.578"/>
</kw>
<kw name="Should Be Equal As Strings" library="BuiltIn">
<arg>${response.json()}[features][0][type]</arg>
<arg>Feature</arg>
<doc>Fails if objects are unequal after converting them to strings.</doc>
<status status="NOT RUN" starttime="20220701 07:59:19.578" endtime="20220701 07:59:19.578"/>
</kw>
<kw name="Dictionary Should Contain Key" library="Collections">
<arg>${response.json()}[features][0][geometry]</arg>
<arg>type</arg>
<doc>Fails if ``key`` is not found from ``dictionary``.</doc>
<status status="NOT RUN" starttime="20220701 07:59:19.578" endtime="20220701 07:59:19.578"/>
</kw>
<kw name="Dictionary Should Contain Key" library="Collections">
<arg>${response.json()}[features][0][geometry]</arg>
<arg>coordinates</arg>
<doc>Fails if ``key`` is not found from ``dictionary``.</doc>
<status status="NOT RUN" starttime="20220701 07:59:19.578" endtime="20220701 07:59:19.578"/>
</kw>
<status status="FAIL" starttime="20220701 07:59:19.485" endtime="20220701 07:59:19.579"/>
</kw>
<status status="FAIL" starttime="20220701 07:59:19.484" endtime="20220701 07:59:19.579">Url: https://8bpqgqz68e.execute-api.us-east-1.amazonaws.com/dev/bcat/auction_904_subsidy_awards/geojson?geoid_co=47001&amp;state_abbr=TN Expected status: 401 != 200</status>
</test>
<test id="s1-s1-t2" name="geoid_co broadband_unserved_blocks" line="10">
<kw name="Validate JSON">
<arg>/bcat/broadband_unserved_blocks/geojson</arg>
<arg>geoid_co=47001&amp;state_abbr=TN</arg>
<kw name="GET" library="RequestsLibrary">
<var>${response}</var>
<arg>${server}${url}</arg>
<arg>params=${params}</arg>
<arg>expected_status=200</arg>
<doc>Sends a GET request.</doc>
<msg timestamp="20220701 07:59:19.634" level="INFO">GET Request : url=https://8bpqgqz68e.execute-api.us-east-1.amazonaws.com/dev/bcat/broadband_unserved_blocks/geojson?geoid_co=47001&amp;state_abbr=TN 
 path_url=/dev/bcat/broadband_unserved_blocks/geojson?geoid_co=47001&amp;state_abbr=TN 
 headers={'User-Agent': 'python-requests/2.26.0', 'Accept-Encoding': 'gzip, deflate, br', 'Accept': '*/*', 'Connection': 'keep-alive'} 
 body=None 
 </msg>
<msg timestamp="20220701 07:59:19.634" level="INFO">GET Response : url=https://8bpqgqz68e.execute-api.us-east-1.amazonaws.com/dev/bcat/broadband_unserved_blocks/geojson?geoid_co=47001&amp;state_abbr=TN 
 status=401, reason=Unauthorized 
 headers={'Content-Type': 'application/json', 'Content-Length': '26', 'Connection': 'keep-alive', 'Date': 'Fri, 01 Jul 2022 11:59:19 GMT', 'x-amzn-RequestId': '228dcb30-92d5-4796-9306-7f2253dbf1cb', 'Access-Control-Allow-Origin': '*', 'x-amzn-ErrorType': 'UnauthorizedException', 'x-amz-apigw-id': 'UlgvuHcUIAMFQgg=', 'X-Amzn-Trace-Id': 'Root=1-62bee197-289ecb27078ab3f90030cf28', 'X-Cache': 'Error from cloudfront', 'Via': '1.1 cb7f1fdf6954dd7324e8117a63207a3c.cloudfront.net (CloudFront)', 'X-Amz-Cf-Pop': 'EWR50-C1', 'X-Amz-Cf-Id': 'NUSj6x-2xFOpyzDiVLlNGGffmPq3kVXthxGm7PET1JxFCxQ5Xd1QXw=='} 
 body={"message":"Unauthorized"} 
 </msg>
<msg timestamp="20220701 07:59:19.635" level="FAIL">Url: https://8bpqgqz68e.execute-api.us-east-1.amazonaws.com/dev/bcat/broadband_unserved_blocks/geojson?geoid_co=47001&amp;state_abbr=TN Expected status: 401 != 200</msg>
<status status="FAIL" starttime="20220701 07:59:19.580" endtime="20220701 07:59:19.635"/>
</kw>
<kw name="Dictionary Should Contain Key" library="Collections">
<arg>${response.json()}</arg>
<arg>type</arg>
<doc>Fails if ``key`` is not found from ``dictionary``.</doc>
<status status="NOT RUN" starttime="20220701 07:59:19.635" endtime="20220701 07:59:19.635"/>
</kw>
<kw name="Dictionary Should Contain Key" library="Collections">
<arg>${response.json()}</arg>
<arg>features</arg>
<doc>Fails if ``key`` is not found from ``dictionary``.</doc>
<status status="NOT RUN" starttime="20220701 07:59:19.635" endtime="20220701 07:59:19.635"/>
</kw>
<kw name="Should Be Equal As Strings" library="BuiltIn">
<arg>${response.json()}[type]</arg>
<arg>FeatureCollection</arg>
<doc>Fails if objects are unequal after converting them to strings.</doc>
<status status="NOT RUN" starttime="20220701 07:59:19.635" endtime="20220701 07:59:19.635"/>
</kw>
<kw name="Dictionary Should Contain Key" library="Collections">
<arg>${response.json()}[features][0]</arg>
<arg>geometry</arg>
<doc>Fails if ``key`` is not found from ``dictionary``.</doc>
<status status="NOT RUN" starttime="20220701 07:59:19.635" endtime="20220701 07:59:19.636"/>
</kw>
<kw name="Dictionary Should Contain Key" library="Collections">
<arg>${response.json()}[features][0]</arg>
<arg>properties</arg>
<doc>Fails if ``key`` is not found from ``dictionary``.</doc>
<status status="NOT RUN" starttime="20220701 07:59:19.636" endtime="20220701 07:59:19.636"/>
</kw>
<kw name="Dictionary Should Contain Key" library="Collections">
<arg>${response.json()}[features][0]</arg>
<arg>type</arg>
<doc>Fails if ``key`` is not found from ``dictionary``.</doc>
<status status="NOT RUN" starttime="20220701 07:59:19.636" endtime="20220701 07:59:19.636"/>
</kw>
<kw name="Should Be Equal As Strings" library="BuiltIn">
<arg>${response.json()}[features][0][type]</arg>
<arg>Feature</arg>
<doc>Fails if objects are unequal after converting them to strings.</doc>
<status status="NOT RUN" starttime="20220701 07:59:19.636" endtime="20220701 07:59:19.636"/>
</kw>
<kw name="Dictionary Should Contain Key" library="Collections">
<arg>${response.json()}[features][0][geometry]</arg>
<arg>type</arg>
<doc>Fails if ``key`` is not found from ``dictionary``.</doc>
<status status="NOT RUN" starttime="20220701 07:59:19.636" endtime="20220701 07:59:19.636"/>
</kw>
<kw name="Dictionary Should Contain Key" library="Collections">
<arg>${response.json()}[features][0][geometry]</arg>
<arg>coordinates</arg>
<doc>Fails if ``key`` is not found from ``dictionary``.</doc>
<status status="NOT RUN" starttime="20220701 07:59:19.636" endtime="20220701 07:59:19.636"/>
</kw>
<status status="FAIL" starttime="20220701 07:59:19.579" endtime="20220701 07:59:19.636"/>
</kw>
<status status="FAIL" starttime="20220701 07:59:19.579" endtime="20220701 07:59:19.636">Url: https://8bpqgqz68e.execute-api.us-east-1.amazonaws.com/dev/bcat/broadband_unserved_blocks/geojson?geoid_co=47001&amp;state_abbr=TN Expected status: 401 != 200</status>
</test>
<test id="s1-s1-t3" name="geoid_co county_summary" line="15">
<kw name="Validate JSON">
<arg>/bcat/county_summary/geojson</arg>
<arg>geoid_co=47001&amp;state_abbr=TN</arg>
<kw name="GET" library="RequestsLibrary">
<var>${response}</var>
<arg>${server}${url}</arg>
<arg>params=${params}</arg>
<arg>expected_status=200</arg>
<doc>Sends a GET request.</doc>
<msg timestamp="20220701 07:59:19.690" level="INFO">GET Request : url=https://8bpqgqz68e.execute-api.us-east-1.amazonaws.com/dev/bcat/county_summary/geojson?geoid_co=47001&amp;state_abbr=TN 
 path_url=/dev/bcat/county_summary/geojson?geoid_co=47001&amp;state_abbr=TN 
 headers={'User-Agent': 'python-requests/2.26.0', 'Accept-Encoding': 'gzip, deflate, br', 'Accept': '*/*', 'Connection': 'keep-alive'} 
 body=None 
 </msg>
<msg timestamp="20220701 07:59:19.690" level="INFO">GET Response : url=https://8bpqgqz68e.execute-api.us-east-1.amazonaws.com/dev/bcat/county_summary/geojson?geoid_co=47001&amp;state_abbr=TN 
 status=401, reason=Unauthorized 
 headers={'Content-Type': 'application/json', 'Content-Length': '26', 'Connection': 'keep-alive', 'Date': 'Fri, 01 Jul 2022 11:59:19 GMT', 'x-amzn-RequestId': '4782a9f4-7e14-4ce7-8569-bf08f485872f', 'Access-Control-Allow-Origin': '*', 'x-amzn-ErrorType': 'UnauthorizedException', 'x-amz-apigw-id': 'UlgvuEJmIAMF29g=', 'X-Amzn-Trace-Id': 'Root=1-62bee197-421495114e0e052d053715f6', 'X-Cache': 'Error from cloudfront', 'Via': '1.1 7a1287aac11cb484d13c7a9cbd2585b0.cloudfront.net (CloudFront)', 'X-Amz-Cf-Pop': 'EWR50-C1', 'X-Amz-Cf-Id': 'ovn3S1luaNpGoImKJl4KyjFoD1ccSkm3v08-zvn8hT9feh7T9FXgaw=='} 
 body={"message":"Unauthorized"} 
 </msg>
<msg timestamp="20220701 07:59:19.691" level="FAIL">Url: https://8bpqgqz68e.execute-api.us-east-1.amazonaws.com/dev/bcat/county_summary/geojson?geoid_co=47001&amp;state_abbr=TN Expected status: 401 != 200</msg>
<status status="FAIL" starttime="20220701 07:59:19.637" endtime="20220701 07:59:19.691"/>
</kw>
<kw name="Dictionary Should Contain Key" library="Collections">
<arg>${response.json()}</arg>
<arg>type</arg>
<doc>Fails if ``key`` is not found from ``dictionary``.</doc>
<status status="NOT RUN" starttime="20220701 07:59:19.691" endtime="20220701 07:59:19.691"/>
</kw>
<kw name="Dictionary Should Contain Key" library="Collections">
<arg>${response.json()}</arg>
<arg>features</arg>
<doc>Fails if ``key`` is not found from ``dictionary``.</doc>
<status status="NOT RUN" starttime="20220701 07:59:19.691" endtime="20220701 07:59:19.691"/>
</kw>
<kw name="Should Be Equal As Strings" library="BuiltIn">
<arg>${response.json()}[type]</arg>
<arg>FeatureCollection</arg>
<doc>Fails if objects are unequal after converting them to strings.</doc>
<status status="NOT RUN" starttime="20220701 07:59:19.691" endtime="20220701 07:59:19.691"/>
</kw>
<kw name="Dictionary Should Contain Key" library="Collections">
<arg>${response.json()}[features][0]</arg>
<arg>geometry</arg>
<doc>Fails if ``key`` is not found from ``dictionary``.</doc>
<status status="NOT RUN" starttime="20220701 07:59:19.691" endtime="20220701 07:59:19.691"/>
</kw>
<kw name="Dictionary Should Contain Key" library="Collections">
<arg>${response.json()}[features][0]</arg>
<arg>properties</arg>
<doc>Fails if ``key`` is not found from ``dictionary``.</doc>
<status status="NOT RUN" starttime="20220701 07:59:19.691" endtime="20220701 07:59:19.691"/>
</kw>
<kw name="Dictionary Should Contain Key" library="Collections">
<arg>${response.json()}[features][0]</arg>
<arg>type</arg>
<doc>Fails if ``key`` is not found from ``dictionary``.</doc>
<status status="NOT RUN" starttime="20220701 07:59:19.691" endtime="20220701 07:59:19.691"/>
</kw>
<kw name="Should Be Equal As Strings" library="BuiltIn">
<arg>${response.json()}[features][0][type]</arg>
<arg>Feature</arg>
<doc>Fails if objects are unequal after converting them to strings.</doc>
<status status="NOT RUN" starttime="20220701 07:59:19.691" endtime="20220701 07:59:19.692"/>
</kw>
<kw name="Dictionary Should Contain Key" library="Collections">
<arg>${response.json()}[features][0][geometry]</arg>
<arg>type</arg>
<doc>Fails if ``key`` is not found from ``dictionary``.</doc>
<status status="NOT RUN" starttime="20220701 07:59:19.692" endtime="20220701 07:59:19.692"/>
</kw>
<kw name="Dictionary Should Contain Key" library="Collections">
<arg>${response.json()}[features][0][geometry]</arg>
<arg>coordinates</arg>
<doc>Fails if ``key`` is not found from ``dictionary``.</doc>
<status status="NOT RUN" starttime="20220701 07:59:19.692" endtime="20220701 07:59:19.692"/>
</kw>
<status status="FAIL" starttime="20220701 07:59:19.637" endtime="20220701 07:59:19.692"/>
</kw>
<status status="FAIL" starttime="20220701 07:59:19.637" endtime="20220701 07:59:19.692">Url: https://8bpqgqz68e.execute-api.us-east-1.amazonaws.com/dev/bcat/county_summary/geojson?geoid_co=47001&amp;state_abbr=TN Expected status: 401 != 200</status>
</test>
<test id="s1-s1-t4" name="geoid_co fiber_cable_unserved_blocks" line="16">
<kw name="Validate JSON">
<arg>/bcat/fiber_cable_unserved_blocks/geojson</arg>
<arg>geoid_co=47001&amp;state_abbr=TN</arg>
<kw name="GET" library="RequestsLibrary">
<var>${response}</var>
<arg>${server}${url}</arg>
<arg>params=${params}</arg>
<arg>expected_status=200</arg>
<doc>Sends a GET request.</doc>
<msg timestamp="20220701 07:59:19.751" level="INFO">GET Request : url=https://8bpqgqz68e.execute-api.us-east-1.amazonaws.com/dev/bcat/fiber_cable_unserved_blocks/geojson?geoid_co=47001&amp;state_abbr=TN 
 path_url=/dev/bcat/fiber_cable_unserved_blocks/geojson?geoid_co=47001&amp;state_abbr=TN 
 headers={'User-Agent': 'python-requests/2.26.0', 'Accept-Encoding': 'gzip, deflate, br', 'Accept': '*/*', 'Connection': 'keep-alive'} 
 body=None 
 </msg>
<msg timestamp="20220701 07:59:19.751" level="INFO">GET Response : url=https://8bpqgqz68e.execute-api.us-east-1.amazonaws.com/dev/bcat/fiber_cable_unserved_blocks/geojson?geoid_co=47001&amp;state_abbr=TN 
 status=401, reason=Unauthorized 
 headers={'Content-Type': 'application/json', 'Content-Length': '26', 'Connection': 'keep-alive', 'Date': 'Fri, 01 Jul 2022 11:59:19 GMT', 'x-amzn-RequestId': 'f16c5f41-a98b-40db-af21-239f8f35afd2', 'Access-Control-Allow-Origin': '*', 'x-amzn-ErrorType': 'UnauthorizedException', 'x-amz-apigw-id': 'UlgvvEGboAMFUvg=', 'X-Amzn-Trace-Id': 'Root=1-62bee197-49b2399a5a73822453efda67', 'X-Cache': 'Error from cloudfront', 'Via': '1.1 3ea7dd920772e2ffb2371e107e093dfc.cloudfront.net (CloudFront)', 'X-Amz-Cf-Pop': 'EWR50-C1', 'X-Amz-Cf-Id': 'XOGjbuDHehQvkTRabcATkBNG_nfb9R6tAxgZtkW6a0QMuZMNanru-Q=='} 
 body={"message":"Unauthorized"} 
 </msg>
<msg timestamp="20220701 07:59:19.752" level="FAIL">Url: https://8bpqgqz68e.execute-api.us-east-1.amazonaws.com/dev/bcat/fiber_cable_unserved_blocks/geojson?geoid_co=47001&amp;state_abbr=TN Expected status: 401 != 200</msg>
<status status="FAIL" starttime="20220701 07:59:19.693" endtime="20220701 07:59:19.752"/>
</kw>
<kw name="Dictionary Should Contain Key" library="Collections">
<arg>${response.json()}</arg>
<arg>type</arg>
<doc>Fails if ``key`` is not found from ``dictionary``.</doc>
<status status="NOT RUN" starttime="20220701 07:59:19.752" endtime="20220701 07:59:19.752"/>
</kw>
<kw name="Dictionary Should Contain Key" library="Collections">
<arg>${response.json()}</arg>
<arg>features</arg>
<doc>Fails if ``key`` is not found from ``dictionary``.</doc>
<status status="NOT RUN" starttime="20220701 07:59:19.752" endtime="20220701 07:59:19.752"/>
</kw>
<kw name="Should Be Equal As Strings" library="BuiltIn">
<arg>${response.json()}[type]</arg>
<arg>FeatureCollection</arg>
<doc>Fails if objects are unequal after converting them to strings.</doc>
<status status="NOT RUN" starttime="20220701 07:59:19.752" endtime="20220701 07:59:19.752"/>
</kw>
<kw name="Dictionary Should Contain Key" library="Collections">
<arg>${response.json()}[features][0]</arg>
<arg>geometry</arg>
<doc>Fails if ``key`` is not found from ``dictionary``.</doc>
<status status="NOT RUN" starttime="20220701 07:59:19.752" endtime="20220701 07:59:19.752"/>
</kw>
<kw name="Dictionary Should Contain Key" library="Collections">
<arg>${response.json()}[features][0]</arg>
<arg>properties</arg>
<doc>Fails if ``key`` is not found from ``dictionary``.</doc>
<status status="NOT RUN" starttime="20220701 07:59:19.752" endtime="20220701 07:59:19.752"/>
</kw>
<kw name="Dictionary Should Contain Key" library="Collections">
<arg>${response.json()}[features][0]</arg>
<arg>type</arg>
<doc>Fails if ``key`` is not found from ``dictionary``.</doc>
<status status="NOT RUN" starttime="20220701 07:59:19.753" endtime="20220701 07:59:19.753"/>
</kw>
<kw name="Should Be Equal As Strings" library="BuiltIn">
<arg>${response.json()}[features][0][type]</arg>
<arg>Feature</arg>
<doc>Fails if objects are unequal after converting them to strings.</doc>
<status status="NOT RUN" starttime="20220701 07:59:19.753" endtime="20220701 07:59:19.753"/>
</kw>
<kw name="Dictionary Should Contain Key" library="Collections">
<arg>${response.json()}[features][0][geometry]</arg>
<arg>type</arg>
<doc>Fails if ``key`` is not found from ``dictionary``.</doc>
<status status="NOT RUN" starttime="20220701 07:59:19.753" endtime="20220701 07:59:19.753"/>
</kw>
<kw name="Dictionary Should Contain Key" library="Collections">
<arg>${response.json()}[features][0][geometry]</arg>
<arg>coordinates</arg>
<doc>Fails if ``key`` is not found from ``dictionary``.</doc>
<status status="NOT RUN" starttime="20220701 07:59:19.753" endtime="20220701 07:59:19.753"/>
</kw>
<status status="FAIL" starttime="20220701 07:59:19.693" endtime="20220701 07:59:19.753"/>
</kw>
<status status="FAIL" starttime="20220701 07:59:19.692" endtime="20220701 07:59:19.753">Url: https://8bpqgqz68e.execute-api.us-east-1.amazonaws.com/dev/bcat/fiber_cable_unserved_blocks/geojson?geoid_co=47001&amp;state_abbr=TN Expected status: 401 != 200</status>
</test>
<test id="s1-s1-t5" name="geoid_co county_adjacency_crosswalk" line="18">
<kw name="Validate JSON">
<arg>/bcat/county_adjacency_crosswalk/geojson</arg>
<arg>geoid_co=47001&amp;state_abbr=TN</arg>
<kw name="GET" library="RequestsLibrary">
<var>${response}</var>
<arg>${server}${url}</arg>
<arg>params=${params}</arg>
<arg>expected_status=200</arg>
<doc>Sends a GET request.</doc>
<msg timestamp="20220701 07:59:19.796" level="INFO">GET Request : url=https://8bpqgqz68e.execute-api.us-east-1.amazonaws.com/dev/bcat/county_adjacency_crosswalk/geojson?geoid_co=47001&amp;state_abbr=TN 
 path_url=/dev/bcat/county_adjacency_crosswalk/geojson?geoid_co=47001&amp;state_abbr=TN 
 headers={'User-Agent': 'python-requests/2.26.0', 'Accept-Encoding': 'gzip, deflate, br', 'Accept': '*/*', 'Connection': 'keep-alive'} 
 body=None 
 </msg>
<msg timestamp="20220701 07:59:19.796" level="INFO">GET Response : url=https://8bpqgqz68e.execute-api.us-east-1.amazonaws.com/dev/bcat/county_adjacency_crosswalk/geojson?geoid_co=47001&amp;state_abbr=TN 
 status=401, reason=Unauthorized 
 headers={'Content-Type': 'application/json', 'Content-Length': '26', 'Connection': 'keep-alive', 'Date': 'Fri, 01 Jul 2022 11:59:19 GMT', 'x-amzn-RequestId': 'b6a7ee0d-3e7b-4b50-a155-50f38335afeb', 'Access-Control-Allow-Origin': '*', 'x-amzn-ErrorType': 'UnauthorizedException', 'x-amz-apigw-id': 'UlgvvG9RoAMFloA=', 'X-Amzn-Trace-Id': 'Root=1-62bee197-0067efd70c4e8c304338ef99', 'X-Cache': 'Error from cloudfront', 'Via': '1.1 75e95d402c844985152ed9360801af06.cloudfront.net (CloudFront)', 'X-Amz-Cf-Pop': 'EWR50-C1', 'X-Amz-Cf-Id': 'jz_ur9bNlzSVJOifCwrMqCxFqkzlzuGfxUVGrNUd9pOdnlYQLMbhOw=='} 
 body={"message":"Unauthorized"} 
 </msg>
<msg timestamp="20220701 07:59:19.796" level="FAIL">Url: https://8bpqgqz68e.execute-api.us-east-1.amazonaws.com/dev/bcat/county_adjacency_crosswalk/geojson?geoid_co=47001&amp;state_abbr=TN Expected status: 401 != 200</msg>
<status status="FAIL" starttime="20220701 07:59:19.754" endtime="20220701 07:59:19.796"/>
</kw>
<kw name="Dictionary Should Contain Key" library="Collections">
<arg>${response.json()}</arg>
<arg>type</arg>
<doc>Fails if ``key`` is not found from ``dictionary``.</doc>
<status status="NOT RUN" starttime="20220701 07:59:19.797" endtime="20220701 07:59:19.797"/>
</kw>
<kw name="Dictionary Should Contain Key" library="Collections">
<arg>${response.json()}</arg>
<arg>features</arg>
<doc>Fails if ``key`` is not found from ``dictionary``.</doc>
<status status="NOT RUN" starttime="20220701 07:59:19.797" endtime="20220701 07:59:19.797"/>
</kw>
<kw name="Should Be Equal As Strings" library="BuiltIn">
<arg>${response.json()}[type]</arg>
<arg>FeatureCollection</arg>
<doc>Fails if objects are unequal after converting them to strings.</doc>
<status status="NOT RUN" starttime="20220701 07:59:19.797" endtime="20220701 07:59:19.797"/>
</kw>
<kw name="Dictionary Should Contain Key" library="Collections">
<arg>${response.json()}[features][0]</arg>
<arg>geometry</arg>
<doc>Fails if ``key`` is not found from ``dictionary``.</doc>
<status status="NOT RUN" starttime="20220701 07:59:19.797" endtime="20220701 07:59:19.797"/>
</kw>
<kw name="Dictionary Should Contain Key" library="Collections">
<arg>${response.json()}[features][0]</arg>
<arg>properties</arg>
<doc>Fails if ``key`` is not found from ``dictionary``.</doc>
<status status="NOT RUN" starttime="20220701 07:59:19.797" endtime="20220701 07:59:19.797"/>
</kw>
<kw name="Dictionary Should Contain Key" library="Collections">
<arg>${response.json()}[features][0]</arg>
<arg>type</arg>
<doc>Fails if ``key`` is not found from ``dictionary``.</doc>
<status status="NOT RUN" starttime="20220701 07:59:19.797" endtime="20220701 07:59:19.797"/>
</kw>
<kw name="Should Be Equal As Strings" library="BuiltIn">
<arg>${response.json()}[features][0][type]</arg>
<arg>Feature</arg>
<doc>Fails if objects are unequal after converting them to strings.</doc>
<status status="NOT RUN" starttime="20220701 07:59:19.797" endtime="20220701 07:59:19.797"/>
</kw>
<kw name="Dictionary Should Contain Key" library="Collections">
<arg>${response.json()}[features][0][geometry]</arg>
<arg>type</arg>
<doc>Fails if ``key`` is not found from ``dictionary``.</doc>
<status status="NOT RUN" starttime="20220701 07:59:19.797" endtime="20220701 07:59:19.797"/>
</kw>
<kw name="Dictionary Should Contain Key" library="Collections">
<arg>${response.json()}[features][0][geometry]</arg>
<arg>coordinates</arg>
<doc>Fails if ``key`` is not found from ``dictionary``.</doc>
<status status="NOT RUN" starttime="20220701 07:59:19.797" endtime="20220701 07:59:19.797"/>
</kw>
<status status="FAIL" starttime="20220701 07:59:19.754" endtime="20220701 07:59:19.798"/>
</kw>
<status status="FAIL" starttime="20220701 07:59:19.754" endtime="20220701 07:59:19.798">Url: https://8bpqgqz68e.execute-api.us-east-1.amazonaws.com/dev/bcat/county_adjacency_crosswalk/geojson?geoid_co=47001&amp;state_abbr=TN Expected status: 401 != 200</status>
</test>
<test id="s1-s1-t6" name="two geoid_co auction_904_subsidy_awards" line="20">
<kw name="Validate JSON">
<arg>/bcat/auction_904_subsidy_awards/geojson</arg>
<arg>geoid_co=47001,47003</arg>
<kw name="GET" library="RequestsLibrary">
<var>${response}</var>
<arg>${server}${url}</arg>
<arg>params=${params}</arg>
<arg>expected_status=200</arg>
<doc>Sends a GET request.</doc>
<msg timestamp="20220701 07:59:19.841" level="INFO">GET Request : url=https://8bpqgqz68e.execute-api.us-east-1.amazonaws.com/dev/bcat/auction_904_subsidy_awards/geojson?geoid_co=47001,47003 
 path_url=/dev/bcat/auction_904_subsidy_awards/geojson?geoid_co=47001,47003 
 headers={'User-Agent': 'python-requests/2.26.0', 'Accept-Encoding': 'gzip, deflate, br', 'Accept': '*/*', 'Connection': 'keep-alive'} 
 body=None 
 </msg>
<msg timestamp="20220701 07:59:19.841" level="INFO">GET Response : url=https://8bpqgqz68e.execute-api.us-east-1.amazonaws.com/dev/bcat/auction_904_subsidy_awards/geojson?geoid_co=47001,47003 
 status=401, reason=Unauthorized 
 headers={'Content-Type': 'application/json', 'Content-Length': '26', 'Connection': 'keep-alive', 'Date': 'Fri, 01 Jul 2022 11:59:19 GMT', 'x-amzn-RequestId': 'cb16483d-acf0-455c-8e9f-3bed31f50522', 'Access-Control-Allow-Origin': '*', 'x-amzn-ErrorType': 'UnauthorizedException', 'x-amz-apigw-id': 'UlgvwEFVoAMFgag=', 'X-Amzn-Trace-Id': 'Root=1-62bee197-1bc4d6ae5658593e1103a4f8', 'X-Cache': 'Error from cloudfront', 'Via': '1.1 ea450411fc852f7d373f7efbe784dd74.cloudfront.net (CloudFront)', 'X-Amz-Cf-Pop': 'EWR50-C1', 'X-Amz-Cf-Id': '1tXMVKM-6kpvOcO9jB0PViaDY52r0aipmrDJ9ijdUYoOpxRXTSbL6A=='} 
 body={"message":"Unauthorized"} 
 </msg>
<msg timestamp="20220701 07:59:19.841" level="FAIL">Url: https://8bpqgqz68e.execute-api.us-east-1.amazonaws.com/dev/bcat/auction_904_subsidy_awards/geojson?geoid_co=47001,47003 Expected status: 401 != 200</msg>
<status status="FAIL" starttime="20220701 07:59:19.799" endtime="20220701 07:59:19.841"/>
</kw>
<kw name="Dictionary Should Contain Key" library="Collections">
<arg>${response.json()}</arg>
<arg>type</arg>
<doc>Fails if ``key`` is not found from ``dictionary``.</doc>
<status status="NOT RUN" starttime="20220701 07:59:19.842" endtime="20220701 07:59:19.842"/>
</kw>
<kw name="Dictionary Should Contain Key" library="Collections">
<arg>${response.json()}</arg>
<arg>features</arg>
<doc>Fails if ``key`` is not found from ``dictionary``.</doc>
<status status="NOT RUN" starttime="20220701 07:59:19.842" endtime="20220701 07:59:19.842"/>
</kw>
<kw name="Should Be Equal As Strings" library="BuiltIn">
<arg>${response.json()}[type]</arg>
<arg>FeatureCollection</arg>
<doc>Fails if objects are unequal after converting them to strings.</doc>
<status status="NOT RUN" starttime="20220701 07:59:19.842" endtime="20220701 07:59:19.842"/>
</kw>
<kw name="Dictionary Should Contain Key" library="Collections">
<arg>${response.json()}[features][0]</arg>
<arg>geometry</arg>
<doc>Fails if ``key`` is not found from ``dictionary``.</doc>
<status status="NOT RUN" starttime="20220701 07:59:19.842" endtime="20220701 07:59:19.842"/>
</kw>
<kw name="Dictionary Should Contain Key" library="Collections">
<arg>${response.json()}[features][0]</arg>
<arg>properties</arg>
<doc>Fails if ``key`` is not found from ``dictionary``.</doc>
<status status="NOT RUN" starttime="20220701 07:59:19.842" endtime="20220701 07:59:19.842"/>
</kw>
<kw name="Dictionary Should Contain Key" library="Collections">
<arg>${response.json()}[features][0]</arg>
<arg>type</arg>
<doc>Fails if ``key`` is not found from ``dictionary``.</doc>
<status status="NOT RUN" starttime="20220701 07:59:19.842" endtime="20220701 07:59:19.842"/>
</kw>
<kw name="Should Be Equal As Strings" library="BuiltIn">
<arg>${response.json()}[features][0][type]</arg>
<arg>Feature</arg>
<doc>Fails if objects are unequal after converting them to strings.</doc>
<status status="NOT RUN" starttime="20220701 07:59:19.842" endtime="20220701 07:59:19.842"/>
</kw>
<kw name="Dictionary Should Contain Key" library="Collections">
<arg>${response.json()}[features][0][geometry]</arg>
<arg>type</arg>
<doc>Fails if ``key`` is not found from ``dictionary``.</doc>
<status status="NOT RUN" starttime="20220701 07:59:19.842" endtime="20220701 07:59:19.842"/>
</kw>
<kw name="Dictionary Should Contain Key" library="Collections">
<arg>${response.json()}[features][0][geometry]</arg>
<arg>coordinates</arg>
<doc>Fails if ``key`` is not found from ``dictionary``.</doc>
<status status="NOT RUN" starttime="20220701 07:59:19.842" endtime="20220701 07:59:19.842"/>
</kw>
<status status="FAIL" starttime="20220701 07:59:19.799" endtime="20220701 07:59:19.843"/>
</kw>
<status status="FAIL" starttime="20220701 07:59:19.798" endtime="20220701 07:59:19.843">Url: https://8bpqgqz68e.execute-api.us-east-1.amazonaws.com/dev/bcat/auction_904_subsidy_awards/geojson?geoid_co=47001,47003 Expected status: 401 != 200</status>
</test>
<test id="s1-s1-t7" name="two geoid_cos broadband_unserved_blocks" line="21">
<kw name="Validate JSON">
<arg>/bcat/broadband_unserved_blocks/geojson</arg>
<arg>geoid_co=47001,47003</arg>
<kw name="GET" library="RequestsLibrary">
<var>${response}</var>
<arg>${server}${url}</arg>
<arg>params=${params}</arg>
<arg>expected_status=200</arg>
<doc>Sends a GET request.</doc>
<msg timestamp="20220701 07:59:19.890" level="INFO">GET Request : url=https://8bpqgqz68e.execute-api.us-east-1.amazonaws.com/dev/bcat/broadband_unserved_blocks/geojson?geoid_co=47001,47003 
 path_url=/dev/bcat/broadband_unserved_blocks/geojson?geoid_co=47001,47003 
 headers={'User-Agent': 'python-requests/2.26.0', 'Accept-Encoding': 'gzip, deflate, br', 'Accept': '*/*', 'Connection': 'keep-alive'} 
 body=None 
 </msg>
<msg timestamp="20220701 07:59:19.890" level="INFO">GET Response : url=https://8bpqgqz68e.execute-api.us-east-1.amazonaws.com/dev/bcat/broadband_unserved_blocks/geojson?geoid_co=47001,47003 
 status=401, reason=Unauthorized 
 headers={'Content-Type': 'application/json', 'Content-Length': '26', 'Connection': 'keep-alive', 'Date': 'Fri, 01 Jul 2022 11:59:19 GMT', 'x-amzn-RequestId': '24a2a3c8-9181-4e83-95e0-17f5d8531c3c', 'Access-Control-Allow-Origin': '*', 'x-amzn-ErrorType': 'UnauthorizedException', 'x-amz-apigw-id': 'UlgvwHgCoAMF5Hg=', 'X-Amzn-Trace-Id': 'Root=1-62bee197-19af7bad23c8cff31e62535f', 'X-Cache': 'Error from cloudfront', 'Via': '1.1 78151a5252ddc63300143dbe81b1f0c4.cloudfront.net (CloudFront)', 'X-Amz-Cf-Pop': 'EWR50-C1', 'X-Amz-Cf-Id': 'JNS1fgNV88vUlCNpDgM5QaJkuYGjmxC4SzdIzjZjHhIGudMzTKpIKg=='} 
 body={"message":"Unauthorized"} 
 </msg>
<msg timestamp="20220701 07:59:19.890" level="FAIL">Url: https://8bpqgqz68e.execute-api.us-east-1.amazonaws.com/dev/bcat/broadband_unserved_blocks/geojson?geoid_co=47001,47003 Expected status: 401 != 200</msg>
<status status="FAIL" starttime="20220701 07:59:19.844" endtime="20220701 07:59:19.891"/>
</kw>
<kw name="Dictionary Should Contain Key" library="Collections">
<arg>${response.json()}</arg>
<arg>type</arg>
<doc>Fails if ``key`` is not found from ``dictionary``.</doc>
<status status="NOT RUN" starttime="20220701 07:59:19.891" endtime="20220701 07:59:19.891"/>
</kw>
<kw name="Dictionary Should Contain Key" library="Collections">
<arg>${response.json()}</arg>
<arg>features</arg>
<doc>Fails if ``key`` is not found from ``dictionary``.</doc>
<status status="NOT RUN" starttime="20220701 07:59:19.891" endtime="20220701 07:59:19.891"/>
</kw>
<kw name="Should Be Equal As Strings" library="BuiltIn">
<arg>${response.json()}[type]</arg>
<arg>FeatureCollection</arg>
<doc>Fails if objects are unequal after converting them to strings.</doc>
<status status="NOT RUN" starttime="20220701 07:59:19.891" endtime="20220701 07:59:19.891"/>
</kw>
<kw name="Dictionary Should Contain Key" library="Collections">
<arg>${response.json()}[features][0]</arg>
<arg>geometry</arg>
<doc>Fails if ``key`` is not found from ``dictionary``.</doc>
<status status="NOT RUN" starttime="20220701 07:59:19.891" endtime="20220701 07:59:19.891"/>
</kw>
<kw name="Dictionary Should Contain Key" library="Collections">
<arg>${response.json()}[features][0]</arg>
<arg>properties</arg>
<doc>Fails if ``key`` is not found from ``dictionary``.</doc>
<status status="NOT RUN" starttime="20220701 07:59:19.891" endtime="20220701 07:59:19.891"/>
</kw>
<kw name="Dictionary Should Contain Key" library="Collections">
<arg>${response.json()}[features][0]</arg>
<arg>type</arg>
<doc>Fails if ``key`` is not found from ``dictionary``.</doc>
<status status="NOT RUN" starttime="20220701 07:59:19.891" endtime="20220701 07:59:19.891"/>
</kw>
<kw name="Should Be Equal As Strings" library="BuiltIn">
<arg>${response.json()}[features][0][type]</arg>
<arg>Feature</arg>
<doc>Fails if objects are unequal after converting them to strings.</doc>
<status status="NOT RUN" starttime="20220701 07:59:19.891" endtime="20220701 07:59:19.891"/>
</kw>
<kw name="Dictionary Should Contain Key" library="Collections">
<arg>${response.json()}[features][0][geometry]</arg>
<arg>type</arg>
<doc>Fails if ``key`` is not found from ``dictionary``.</doc>
<status status="NOT RUN" starttime="20220701 07:59:19.891" endtime="20220701 07:59:19.892"/>
</kw>
<kw name="Dictionary Should Contain Key" library="Collections">
<arg>${response.json()}[features][0][geometry]</arg>
<arg>coordinates</arg>
<doc>Fails if ``key`` is not found from ``dictionary``.</doc>
<status status="NOT RUN" starttime="20220701 07:59:19.892" endtime="20220701 07:59:19.892"/>
</kw>
<status status="FAIL" starttime="20220701 07:59:19.843" endtime="20220701 07:59:19.892"/>
</kw>
<status status="FAIL" starttime="20220701 07:59:19.843" endtime="20220701 07:59:19.892">Url: https://8bpqgqz68e.execute-api.us-east-1.amazonaws.com/dev/bcat/broadband_unserved_blocks/geojson?geoid_co=47001,47003 Expected status: 401 != 200</status>
</test>
<test id="s1-s1-t8" name="two geoid_cos county_summary" line="26">
<kw name="Validate JSON">
<arg>/bcat/county_summary/geojson</arg>
<arg>geoid_co=47001,47003</arg>
<kw name="GET" library="RequestsLibrary">
<var>${response}</var>
<arg>${server}${url}</arg>
<arg>params=${params}</arg>
<arg>expected_status=200</arg>
<doc>Sends a GET request.</doc>
<msg timestamp="20220701 07:59:19.933" level="INFO">GET Request : url=https://8bpqgqz68e.execute-api.us-east-1.amazonaws.com/dev/bcat/county_summary/geojson?geoid_co=47001,47003 
 path_url=/dev/bcat/county_summary/geojson?geoid_co=47001,47003 
 headers={'User-Agent': 'python-requests/2.26.0', 'Accept-Encoding': 'gzip, deflate, br', 'Accept': '*/*', 'Connection': 'keep-alive'} 
 body=None 
 </msg>
<msg timestamp="20220701 07:59:19.933" level="INFO">GET Response : url=https://8bpqgqz68e.execute-api.us-east-1.amazonaws.com/dev/bcat/county_summary/geojson?geoid_co=47001,47003 
 status=401, reason=Unauthorized 
 headers={'Content-Type': 'application/json', 'Content-Length': '26', 'Connection': 'keep-alive', 'Date': 'Fri, 01 Jul 2022 11:59:19 GMT', 'x-amzn-RequestId': 'c5110ca4-bdf0-4e3b-8dc6-c03012cf2baf', 'Access-Control-Allow-Origin': '*', 'x-amzn-ErrorType': 'UnauthorizedException', 'x-amz-apigw-id': 'UlgvxEJ8IAMFpMQ=', 'X-Amzn-Trace-Id': 'Root=1-62bee197-4d9126265d92cd4827ee1085', 'X-Cache': 'Error from cloudfront', 'Via': '1.1 158c603777b70da7a395beb589ad17da.cloudfront.net (CloudFront)', 'X-Amz-Cf-Pop': 'EWR50-C1', 'X-Amz-Cf-Id': 'MYIL7o67iU4J8IfzI8jKEPtr6Dt2wreGaYK-cIc8ZJPXp9Ywp32PVg=='} 
 body={"message":"Unauthorized"} 
 </msg>
<msg timestamp="20220701 07:59:19.933" level="FAIL">Url: https://8bpqgqz68e.execute-api.us-east-1.amazonaws.com/dev/bcat/county_summary/geojson?geoid_co=47001,47003 Expected status: 401 != 200</msg>
<status status="FAIL" starttime="20220701 07:59:19.893" endtime="20220701 07:59:19.934"/>
</kw>
<kw name="Dictionary Should Contain Key" library="Collections">
<arg>${response.json()}</arg>
<arg>type</arg>
<doc>Fails if ``key`` is not found from ``dictionary``.</doc>
<status status="NOT RUN" starttime="20220701 07:59:19.934" endtime="20220701 07:59:19.934"/>
</kw>
<kw name="Dictionary Should Contain Key" library="Collections">
<arg>${response.json()}</arg>
<arg>features</arg>
<doc>Fails if ``key`` is not found from ``dictionary``.</doc>
<status status="NOT RUN" starttime="20220701 07:59:19.934" endtime="20220701 07:59:19.934"/>
</kw>
<kw name="Should Be Equal As Strings" library="BuiltIn">
<arg>${response.json()}[type]</arg>
<arg>FeatureCollection</arg>
<doc>Fails if objects are unequal after converting them to strings.</doc>
<status status="NOT RUN" starttime="20220701 07:59:19.934" endtime="20220701 07:59:19.934"/>
</kw>
<kw name="Dictionary Should Contain Key" library="Collections">
<arg>${response.json()}[features][0]</arg>
<arg>geometry</arg>
<doc>Fails if ``key`` is not found from ``dictionary``.</doc>
<status status="NOT RUN" starttime="20220701 07:59:19.934" endtime="20220701 07:59:19.934"/>
</kw>
<kw name="Dictionary Should Contain Key" library="Collections">
<arg>${response.json()}[features][0]</arg>
<arg>properties</arg>
<doc>Fails if ``key`` is not found from ``dictionary``.</doc>
<status status="NOT RUN" starttime="20220701 07:59:19.934" endtime="20220701 07:59:19.934"/>
</kw>
<kw name="Dictionary Should Contain Key" library="Collections">
<arg>${response.json()}[features][0]</arg>
<arg>type</arg>
<doc>Fails if ``key`` is not found from ``dictionary``.</doc>
<status status="NOT RUN" starttime="20220701 07:59:19.934" endtime="20220701 07:59:19.934"/>
</kw>
<kw name="Should Be Equal As Strings" library="BuiltIn">
<arg>${response.json()}[features][0][type]</arg>
<arg>Feature</arg>
<doc>Fails if objects are unequal after converting them to strings.</doc>
<status status="NOT RUN" starttime="20220701 07:59:19.934" endtime="20220701 07:59:19.934"/>
</kw>
<kw name="Dictionary Should Contain Key" library="Collections">
<arg>${response.json()}[features][0][geometry]</arg>
<arg>type</arg>
<doc>Fails if ``key`` is not found from ``dictionary``.</doc>
<status status="NOT RUN" starttime="20220701 07:59:19.935" endtime="20220701 07:59:19.935"/>
</kw>
<kw name="Dictionary Should Contain Key" library="Collections">
<arg>${response.json()}[features][0][geometry]</arg>
<arg>coordinates</arg>
<doc>Fails if ``key`` is not found from ``dictionary``.</doc>
<status status="NOT RUN" starttime="20220701 07:59:19.935" endtime="20220701 07:59:19.935"/>
</kw>
<status status="FAIL" starttime="20220701 07:59:19.893" endtime="20220701 07:59:19.935"/>
</kw>
<status status="FAIL" starttime="20220701 07:59:19.892" endtime="20220701 07:59:19.935">Url: https://8bpqgqz68e.execute-api.us-east-1.amazonaws.com/dev/bcat/county_summary/geojson?geoid_co=47001,47003 Expected status: 401 != 200</status>
</test>
<test id="s1-s1-t9" name="two geoid_co fiber_cable_unserved_blocks" line="27">
<kw name="Validate JSON">
<arg>/bcat/fiber_cable_unserved_blocks/geojson</arg>
<arg>geoid_co=47001,47003</arg>
<kw name="GET" library="RequestsLibrary">
<var>${response}</var>
<arg>${server}${url}</arg>
<arg>params=${params}</arg>
<arg>expected_status=200</arg>
<doc>Sends a GET request.</doc>
<msg timestamp="20220701 07:59:19.990" level="INFO">GET Request : url=https://8bpqgqz68e.execute-api.us-east-1.amazonaws.com/dev/bcat/fiber_cable_unserved_blocks/geojson?geoid_co=47001,47003 
 path_url=/dev/bcat/fiber_cable_unserved_blocks/geojson?geoid_co=47001,47003 
 headers={'User-Agent': 'python-requests/2.26.0', 'Accept-Encoding': 'gzip, deflate, br', 'Accept': '*/*', 'Connection': 'keep-alive'} 
 body=None 
 </msg>
<msg timestamp="20220701 07:59:19.990" level="INFO">GET Response : url=https://8bpqgqz68e.execute-api.us-east-1.amazonaws.com/dev/bcat/fiber_cable_unserved_blocks/geojson?geoid_co=47001,47003 
 status=401, reason=Unauthorized 
 headers={'Content-Type': 'application/json', 'Content-Length': '26', 'Connection': 'keep-alive', 'Date': 'Fri, 01 Jul 2022 11:59:19 GMT', 'x-amzn-RequestId': '45a9bcc4-6159-4781-ae39-42ed99475835', 'Access-Control-Allow-Origin': '*', 'x-amzn-ErrorType': 'UnauthorizedException', 'x-amz-apigw-id': 'UlgvxF4xoAMFitg=', 'X-Amzn-Trace-Id': 'Root=1-62bee197-1f9f85481126a6f903d7ed68', 'X-Cache': 'Error from cloudfront', 'Via': '1.1 cae77502d3847ca96378af9649c50cb4.cloudfront.net (CloudFront)', 'X-Amz-Cf-Pop': 'EWR50-C1', 'X-Amz-Cf-Id': 'y9nK9eLmSwlPmw15dOD-c-binHpgsXGoiDJ9GjfgEUjUVyrxYcZTOg=='} 
 body={"message":"Unauthorized"} 
 </msg>
<msg timestamp="20220701 07:59:19.990" level="FAIL">Url: https://8bpqgqz68e.execute-api.us-east-1.amazonaws.com/dev/bcat/fiber_cable_unserved_blocks/geojson?geoid_co=47001,47003 Expected status: 401 != 200</msg>
<status status="FAIL" starttime="20220701 07:59:19.936" endtime="20220701 07:59:19.991"/>
</kw>
<kw name="Dictionary Should Contain Key" library="Collections">
<arg>${response.json()}</arg>
<arg>type</arg>
<doc>Fails if ``key`` is not found from ``dictionary``.</doc>
<status status="NOT RUN" starttime="20220701 07:59:19.991" endtime="20220701 07:59:19.991"/>
</kw>
<kw name="Dictionary Should Contain Key" library="Collections">
<arg>${response.json()}</arg>
<arg>features</arg>
<doc>Fails if ``key`` is not found from ``dictionary``.</doc>
<status status="NOT RUN" starttime="20220701 07:59:19.991" endtime="20220701 07:59:19.991"/>
</kw>
<kw name="Should Be Equal As Strings" library="BuiltIn">
<arg>${response.json()}[type]</arg>
<arg>FeatureCollection</arg>
<doc>Fails if objects are unequal after converting them to strings.</doc>
<status status="NOT RUN" starttime="20220701 07:59:19.991" endtime="20220701 07:59:19.991"/>
</kw>
<kw name="Dictionary Should Contain Key" library="Collections">
<arg>${response.json()}[features][0]</arg>
<arg>geometry</arg>
<doc>Fails if ``key`` is not found from ``dictionary``.</doc>
<status status="NOT RUN" starttime="20220701 07:59:19.991" endtime="20220701 07:59:19.991"/>
</kw>
<kw name="Dictionary Should Contain Key" library="Collections">
<arg>${response.json()}[features][0]</arg>
<arg>properties</arg>
<doc>Fails if ``key`` is not found from ``dictionary``.</doc>
<status status="NOT RUN" starttime="20220701 07:59:19.991" endtime="20220701 07:59:19.991"/>
</kw>
<kw name="Dictionary Should Contain Key" library="Collections">
<arg>${response.json()}[features][0]</arg>
<arg>type</arg>
<doc>Fails if ``key`` is not found from ``dictionary``.</doc>
<status status="NOT RUN" starttime="20220701 07:59:19.991" endtime="20220701 07:59:19.991"/>
</kw>
<kw name="Should Be Equal As Strings" library="BuiltIn">
<arg>${response.json()}[features][0][type]</arg>
<arg>Feature</arg>
<doc>Fails if objects are unequal after converting them to strings.</doc>
<status status="NOT RUN" starttime="20220701 07:59:19.991" endtime="20220701 07:59:19.991"/>
</kw>
<kw name="Dictionary Should Contain Key" library="Collections">
<arg>${response.json()}[features][0][geometry]</arg>
<arg>type</arg>
<doc>Fails if ``key`` is not found from ``dictionary``.</doc>
<status status="NOT RUN" starttime="20220701 07:59:19.992" endtime="20220701 07:59:19.992"/>
</kw>
<kw name="Dictionary Should Contain Key" library="Collections">
<arg>${response.json()}[features][0][geometry]</arg>
<arg>coordinates</arg>
<doc>Fails if ``key`` is not found from ``dictionary``.</doc>
<status status="NOT RUN" starttime="20220701 07:59:19.992" endtime="20220701 07:59:19.992"/>
</kw>
<status status="FAIL" starttime="20220701 07:59:19.936" endtime="20220701 07:59:19.992"/>
</kw>
<status status="FAIL" starttime="20220701 07:59:19.935" endtime="20220701 07:59:19.992">Url: https://8bpqgqz68e.execute-api.us-east-1.amazonaws.com/dev/bcat/fiber_cable_unserved_blocks/geojson?geoid_co=47001,47003 Expected status: 401 != 200</status>
</test>
<test id="s1-s1-t10" name="two geoid_co county_adjacency_crosswalk" line="29">
<kw name="Validate JSON">
<arg>/bcat/county_adjacency_crosswalk/geojson</arg>
<arg>geoid_co=47001,47003</arg>
<kw name="GET" library="RequestsLibrary">
<var>${response}</var>
<arg>${server}${url}</arg>
<arg>params=${params}</arg>
<arg>expected_status=200</arg>
<doc>Sends a GET request.</doc>
<msg timestamp="20220701 07:59:20.035" level="INFO">GET Request : url=https://8bpqgqz68e.execute-api.us-east-1.amazonaws.com/dev/bcat/county_adjacency_crosswalk/geojson?geoid_co=47001,47003 
 path_url=/dev/bcat/county_adjacency_crosswalk/geojson?geoid_co=47001,47003 
 headers={'User-Agent': 'python-requests/2.26.0', 'Accept-Encoding': 'gzip, deflate, br', 'Accept': '*/*', 'Connection': 'keep-alive'} 
 body=None 
 </msg>
<msg timestamp="20220701 07:59:20.035" level="INFO">GET Response : url=https://8bpqgqz68e.execute-api.us-east-1.amazonaws.com/dev/bcat/county_adjacency_crosswalk/geojson?geoid_co=47001,47003 
 status=401, reason=Unauthorized 
 headers={'Content-Type': 'application/json', 'Content-Length': '26', 'Connection': 'keep-alive', 'Date': 'Fri, 01 Jul 2022 11:59:20 GMT', 'x-amzn-RequestId': '90b4da9e-5ad7-45b3-ad62-d8d77244357b', 'Access-Control-Allow-Origin': '*', 'x-amzn-ErrorType': 'UnauthorizedException', 'x-amz-apigw-id': 'UlgvyHmHIAMFalA=', 'X-Amzn-Trace-Id': 'Root=1-62bee198-41cb2b5e0d437a7404715588', 'X-Cache': 'Error from cloudfront', 'Via': '1.1 b6217766ccd41d69658fea04297b7c24.cloudfront.net (CloudFront)', 'X-Amz-Cf-Pop': 'EWR50-C1', 'X-Amz-Cf-Id': 'h0p0oEAgMZORW9QP4BhVOAT_hFU94n-yZM82yZexMKiSC8ARK9xk9w=='} 
 body={"message":"Unauthorized"} 
 </msg>
<msg timestamp="20220701 07:59:20.035" level="FAIL">Url: https://8bpqgqz68e.execute-api.us-east-1.amazonaws.com/dev/bcat/county_adjacency_crosswalk/geojson?geoid_co=47001,47003 Expected status: 401 != 200</msg>
<status status="FAIL" starttime="20220701 07:59:19.993" endtime="20220701 07:59:20.035"/>
</kw>
<kw name="Dictionary Should Contain Key" library="Collections">
<arg>${response.json()}</arg>
<arg>type</arg>
<doc>Fails if ``key`` is not found from ``dictionary``.</doc>
<status status="NOT RUN" starttime="20220701 07:59:20.036" endtime="20220701 07:59:20.036"/>
</kw>
<kw name="Dictionary Should Contain Key" library="Collections">
<arg>${response.json()}</arg>
<arg>features</arg>
<doc>Fails if ``key`` is not found from ``dictionary``.</doc>
<status status="NOT RUN" starttime="20220701 07:59:20.036" endtime="20220701 07:59:20.036"/>
</kw>
<kw name="Should Be Equal As Strings" library="BuiltIn">
<arg>${response.json()}[type]</arg>
<arg>FeatureCollection</arg>
<doc>Fails if objects are unequal after converting them to strings.</doc>
<status status="NOT RUN" starttime="20220701 07:59:20.036" endtime="20220701 07:59:20.036"/>
</kw>
<kw name="Dictionary Should Contain Key" library="Collections">
<arg>${response.json()}[features][0]</arg>
<arg>geometry</arg>
<doc>Fails if ``key`` is not found from ``dictionary``.</doc>
<status status="NOT RUN" starttime="20220701 07:59:20.036" endtime="20220701 07:59:20.036"/>
</kw>
<kw name="Dictionary Should Contain Key" library="Collections">
<arg>${response.json()}[features][0]</arg>
<arg>properties</arg>
<doc>Fails if ``key`` is not found from ``dictionary``.</doc>
<status status="NOT RUN" starttime="20220701 07:59:20.036" endtime="20220701 07:59:20.036"/>
</kw>
<kw name="Dictionary Should Contain Key" library="Collections">
<arg>${response.json()}[features][0]</arg>
<arg>type</arg>
<doc>Fails if ``key`` is not found from ``dictionary``.</doc>
<status status="NOT RUN" starttime="20220701 07:59:20.036" endtime="20220701 07:59:20.036"/>
</kw>
<kw name="Should Be Equal As Strings" library="BuiltIn">
<arg>${response.json()}[features][0][type]</arg>
<arg>Feature</arg>
<doc>Fails if objects are unequal after converting them to strings.</doc>
<status status="NOT RUN" starttime="20220701 07:59:20.036" endtime="20220701 07:59:20.036"/>
</kw>
<kw name="Dictionary Should Contain Key" library="Collections">
<arg>${response.json()}[features][0][geometry]</arg>
<arg>type</arg>
<doc>Fails if ``key`` is not found from ``dictionary``.</doc>
<status status="NOT RUN" starttime="20220701 07:59:20.036" endtime="20220701 07:59:20.036"/>
</kw>
<kw name="Dictionary Should Contain Key" library="Collections">
<arg>${response.json()}[features][0][geometry]</arg>
<arg>coordinates</arg>
<doc>Fails if ``key`` is not found from ``dictionary``.</doc>
<status status="NOT RUN" starttime="20220701 07:59:20.036" endtime="20220701 07:59:20.036"/>
</kw>
<status status="FAIL" starttime="20220701 07:59:19.993" endtime="20220701 07:59:20.037"/>
</kw>
<status status="FAIL" starttime="20220701 07:59:19.992" endtime="20220701 07:59:20.037">Url: https://8bpqgqz68e.execute-api.us-east-1.amazonaws.com/dev/bcat/county_adjacency_crosswalk/geojson?geoid_co=47001,47003 Expected status: 401 != 200</status>
</test>
<status status="FAIL" starttime="20220701 07:59:19.440" endtime="20220701 07:59:20.037"/>
</suite>
<suite id="s1-s2" name="Test Bcat Geojson Defensive" source="/home/nsmith/Documents/MergingFutures/clients/CORI/dev/cori-data-api/python-microservices/local/test_bcat_geojson_defensive.robot">
<test id="s1-s2-t1" name="test invalid table rejected" line="8">
<kw name="GET" library="RequestsLibrary">
<var>${response}</var>
<arg>${server}/bcat/not_a_table/geojson</arg>
<arg>expected_status=400</arg>
<doc>Sends a GET request.</doc>
<msg timestamp="20220701 07:59:20.094" level="INFO">GET Request : url=https://8bpqgqz68e.execute-api.us-east-1.amazonaws.com/dev/bcat/not_a_table/geojson 
 path_url=/dev/bcat/not_a_table/geojson 
 headers={'User-Agent': 'python-requests/2.26.0', 'Accept-Encoding': 'gzip, deflate, br', 'Accept': '*/*', 'Connection': 'keep-alive'} 
 body=None 
 </msg>
<msg timestamp="20220701 07:59:20.094" level="INFO">GET Response : url=https://8bpqgqz68e.execute-api.us-east-1.amazonaws.com/dev/bcat/not_a_table/geojson 
 status=401, reason=Unauthorized 
 headers={'Content-Type': 'application/json', 'Content-Length': '26', 'Connection': 'keep-alive', 'Date': 'Fri, 01 Jul 2022 11:59:20 GMT', 'x-amzn-RequestId': 'bbe7f330-a8b2-45fe-b691-7c7dc1670ae4', 'Access-Control-Allow-Origin': '*', 'x-amzn-ErrorType': 'UnauthorizedException', 'x-amz-apigw-id': 'UlgvyFyzoAMFX4A=', 'X-Amzn-Trace-Id': 'Root=1-62bee198-605427fa46d0ba0774942435', 'X-Cache': 'Error from cloudfront', 'Via': '1.1 b6217766ccd41d69658fea04297b7c24.cloudfront.net (CloudFront)', 'X-Amz-Cf-Pop': 'EWR50-C1', 'X-Amz-Cf-Id': 'RVDjaV1rMp9ti_rZsJIMVcEMzzIuwMFA5eX-gDdmUsCtA7WwQl35gg=='} 
 body={"message":"Unauthorized"} 
 </msg>
<msg timestamp="20220701 07:59:20.094" level="FAIL">Url: https://8bpqgqz68e.execute-api.us-east-1.amazonaws.com/dev/bcat/not_a_table/geojson Expected status: 401 != 400</msg>
<status status="FAIL" starttime="20220701 07:59:20.040" endtime="20220701 07:59:20.094"/>
</kw>
<status status="FAIL" starttime="20220701 07:59:20.039" endtime="20220701 07:59:20.094">Url: https://8bpqgqz68e.execute-api.us-east-1.amazonaws.com/dev/bcat/not_a_table/geojson Expected status: 401 != 400</status>
</test>
<test id="s1-s2-t2" name="test mvt invalid table rejected" line="9">
<kw name="GET" library="RequestsLibrary">
<var>${response}</var>
<arg>${server}/bcat/not_a_table/tiles/10/278/408.pbf</arg>
<arg>expected_status=400</arg>
<doc>Sends a GET request.</doc>
<msg timestamp="20220701 07:59:20.136" level="INFO">GET Request : url=https://8bpqgqz68e.execute-api.us-east-1.amazonaws.com/dev/bcat/not_a_table/tiles/10/278/408.pbf 
 path_url=/dev/bcat/not_a_table/tiles/10/278/408.pbf 
 headers={'User-Agent': 'python-requests/2.26.0', 'Accept-Encoding': 'gzip, deflate, br', 'Accept': '*/*', 'Connection': 'keep-alive'} 
 body=None 
 </msg>
<msg timestamp="20220701 07:59:20.136" level="INFO">GET Response : url=https://8bpqgqz68e.execute-api.us-east-1.amazonaws.com/dev/bcat/not_a_table/tiles/10/278/408.pbf 
 status=401, reason=Unauthorized 
 headers={'Content-Type': 'application/json', 'Content-Length': '26', 'Connection': 'keep-alive', 'Date': 'Fri, 01 Jul 2022 11:59:20 GMT', 'x-amzn-RequestId': 'be259d8c-8517-4e13-857b-0ad6b359297a', 'Access-Control-Allow-Origin': '*', 'x-amzn-ErrorType': 'UnauthorizedException', 'x-amz-apigw-id': 'UlgvzFm2oAMF0XQ=', 'X-Amzn-Trace-Id': 'Root=1-62bee198-60b407d379ae33d66e04df35', 'X-Cache': 'Error from cloudfront', 'Via': '1.1 7a1287aac11cb484d13c7a9cbd2585b0.cloudfront.net (CloudFront)', 'X-Amz-Cf-Pop': 'EWR50-C1', 'X-Amz-Cf-Id': 'eROKk550TqFRY-1-JYFYn7sdPTAvT2n8Fzb2fchFSXYHHoZt2b6Cvg=='} 
 body={"message":"Unauthorized"} 
 </msg>
<msg timestamp="20220701 07:59:20.136" level="FAIL">Url: https://8bpqgqz68e.execute-api.us-east-1.amazonaws.com/dev/bcat/not_a_table/tiles/10/278/408.pbf Expected status: 401 != 400</msg>
<status status="FAIL" starttime="20220701 07:59:20.095" endtime="20220701 07:59:20.136"/>
</kw>
<status status="FAIL" starttime="20220701 07:59:20.095" endtime="20220701 07:59:20.137">Url: https://8bpqgqz68e.execute-api.us-east-1.amazonaws.com/dev/bcat/not_a_table/tiles/10/278/408.pbf Expected status: 401 != 400</status>
</test>
<test id="s1-s2-t3" name="test invalid parameter rejected" line="10">
<kw name="GET" library="RequestsLibrary">
<var>${response}</var>
<arg>${server}/bcat/auction_904_subsidy_awards/geojson</arg>
<arg>params=id=48491</arg>
<arg>expected_status=400</arg>
<doc>Sends a GET request.</doc>
<msg timestamp="20220701 07:59:20.190" level="INFO">GET Request : url=https://8bpqgqz68e.execute-api.us-east-1.amazonaws.com/dev/bcat/auction_904_subsidy_awards/geojson?id=48491 
 path_url=/dev/bcat/auction_904_subsidy_awards/geojson?id=48491 
 headers={'User-Agent': 'python-requests/2.26.0', 'Accept-Encoding': 'gzip, deflate, br', 'Accept': '*/*', 'Connection': 'keep-alive'} 
 body=None 
 </msg>
<msg timestamp="20220701 07:59:20.190" level="INFO">GET Response : url=https://8bpqgqz68e.execute-api.us-east-1.amazonaws.com/dev/bcat/auction_904_subsidy_awards/geojson?id=48491 
 status=401, reason=Unauthorized 
 headers={'Content-Type': 'application/json', 'Content-Length': '26', 'Connection': 'keep-alive', 'Date': 'Fri, 01 Jul 2022 11:59:20 GMT', 'x-amzn-RequestId': '83e4eefc-e6b4-433d-b944-e1a96b26ee5a', 'Access-Control-Allow-Origin': '*', 'x-amzn-ErrorType': 'UnauthorizedException', 'x-amz-apigw-id': 'UlgvzHVeIAMFvyQ=', 'X-Amzn-Trace-Id': 'Root=1-62bee198-27ef1ebe7b7b71fd13b4392e', 'X-Cache': 'Error from cloudfront', 'Via': '1.1 c267e55887d5d0922d95439137f937dc.cloudfront.net (CloudFront)', 'X-Amz-Cf-Pop': 'EWR50-C1', 'X-Amz-Cf-Id': 'jHgft2Awb1vChLBRQwFOIDtxmK8SNzUM8-XE2ESr_qDWxATDKCS4HQ=='} 
 body={"message":"Unauthorized"} 
 </msg>
<msg timestamp="20220701 07:59:20.191" level="FAIL">Url: https://8bpqgqz68e.execute-api.us-east-1.amazonaws.com/dev/bcat/auction_904_subsidy_awards/geojson?id=48491 Expected status: 401 != 400</msg>
<status status="FAIL" starttime="20220701 07:59:20.137" endtime="20220701 07:59:20.191"/>
</kw>
<status status="FAIL" starttime="20220701 07:59:20.137" endtime="20220701 07:59:20.191">Url: https://8bpqgqz68e.execute-api.us-east-1.amazonaws.com/dev/bcat/auction_904_subsidy_awards/geojson?id=48491 Expected status: 401 != 400</status>
</test>
<test id="s1-s2-t4" name="test sql injection rejected" line="11">
<kw name="GET" library="RequestsLibrary">
<var>${response}</var>
<arg>${server}/bcat/auction_904_subsidy_awards/geojson</arg>
<arg>params=id=48491;drop table something_important</arg>
<arg>expected_status=400</arg>
<doc>Sends a GET request.</doc>
<msg timestamp="20220701 07:59:20.260" level="INFO">GET Request : url=https://8bpqgqz68e.execute-api.us-east-1.amazonaws.com/dev/bcat/auction_904_subsidy_awards/geojson?id=48491;drop%20table%20something_important 
 path_url=/dev/bcat/auction_904_subsidy_awards/geojson?id=48491;drop%20table%20something_important 
 headers={'User-Agent': 'python-requests/2.26.0', 'Accept-Encoding': 'gzip, deflate, br', 'Accept': '*/*', 'Connection': 'keep-alive'} 
 body=None 
 </msg>
<msg timestamp="20220701 07:59:20.260" level="INFO">GET Response : url=https://8bpqgqz68e.execute-api.us-east-1.amazonaws.com/dev/bcat/auction_904_subsidy_awards/geojson?id=48491;drop%20table%20something_important 
 status=401, reason=Unauthorized 
 headers={'Content-Type': 'application/json', 'Content-Length': '26', 'Connection': 'keep-alive', 'Date': 'Fri, 01 Jul 2022 11:59:20 GMT', 'x-amzn-RequestId': '3f130e35-eb4e-434a-8777-ad987822ce99', 'Access-Control-Allow-Origin': '*', 'x-amzn-ErrorType': 'UnauthorizedException', 'x-amz-apigw-id': 'Ulgv0ESYoAMF1YA=', 'X-Amzn-Trace-Id': 'Root=1-62bee198-457ff7d06cc3671f363b6469', 'X-Cache': 'Error from cloudfront', 'Via': '1.1 e8bd72d9a7c5eaf252aab1ed2d79e1a6.cloudfront.net (CloudFront)', 'X-Amz-Cf-Pop': 'EWR50-C1', 'X-Amz-Cf-Id': 'cwJbmCY5AFtLvh44pmRcRVUm0lnHU46evZ52m04b8_5HsRcMDnV2vA=='} 
 body={"message":"Unauthorized"} 
 </msg>
<msg timestamp="20220701 07:59:20.261" level="FAIL">Url: https://8bpqgqz68e.execute-api.us-east-1.amazonaws.com/dev/bcat/auction_904_subsidy_awards/geojson?id=48491;drop%20table%20something_important Expected status: 401 != 400</msg>
<status status="FAIL" starttime="20220701 07:59:20.192" endtime="20220701 07:59:20.261"/>
</kw>
<status status="FAIL" starttime="20220701 07:59:20.192" endtime="20220701 07:59:20.261">Url: https://8bpqgqz68e.execute-api.us-east-1.amazonaws.com/dev/bcat/auction_904_subsidy_awards/geojson?id=48491;drop%20table%20something_important Expected status: 401 != 400</status>
</test>
<status status="FAIL" starttime="20220701 07:59:20.038" endtime="20220701 07:59:20.261"/>
</suite>
<suite id="s1-s3" name="Test Bcat Spatial Api" source="/home/nsmith/Documents/MergingFutures/clients/CORI/dev/cori-data-api/python-microservices/local/test_bcat_spatial_api.robot">
<test id="s1-s3-t1" name="geom auction_904_subsidy_awards" line="9">
<kw name="Validate JSON">
<arg>/bcat/auction_904_subsidy_awards/geojson</arg>
<arg>geom=POLYGON((-82.2 34.3,-82.2 34.0,-81.9 34.0,-81.9 34.3,-82.2 34.3))</arg>
<kw name="GET" library="RequestsLibrary">
<var>${response}</var>
<arg>${server}${url}</arg>
<arg>params=${params}</arg>
<arg>expected_status=200</arg>
<doc>Sends a GET request.</doc>
<msg timestamp="20220701 07:59:20.298" level="INFO">GET Request : url=https://8bpqgqz68e.execute-api.us-east-1.amazonaws.com/dev/bcat/auction_904_subsidy_awards/geojson?geom=POLYGON((-82.2%2034.3,-82.2%2034.0,-81.9%2034.0,-81.9%2034.3,-82.2%2034.3)) 
 path_url=/dev/bcat/auction_904_subsidy_awards/geojson?geom=POLYGON((-82.2%2034.3,-82.2%2034.0,-81.9%2034.0,-81.9%2034.3,-82.2%2034.3)) 
 headers={'User-Agent': 'python-requests/2.26.0', 'Accept-Encoding': 'gzip, deflate, br', 'Accept': '*/*', 'Connection': 'keep-alive'} 
 body=None 
 </msg>
<msg timestamp="20220701 07:59:20.298" level="INFO">GET Response : url=https://8bpqgqz68e.execute-api.us-east-1.amazonaws.com/dev/bcat/auction_904_subsidy_awards/geojson?geom=POLYGON((-82.2%2034.3,-82.2%2034.0,-81.9%2034.0,-81.9%2034.3,-82.2%2034.3)) 
 status=401, reason=Unauthorized 
 headers={'Content-Type': 'application/json', 'Content-Length': '26', 'Connection': 'keep-alive', 'Date': 'Fri, 01 Jul 2022 11:59:20 GMT', 'x-amzn-RequestId': '06e5aed4-7af3-49d0-b8a5-504ebea1a10b', 'Access-Control-Allow-Origin': '*', 'x-amzn-ErrorType': 'UnauthorizedException', 'x-amz-apigw-id': 'Ulgv0HVsoAMFvyQ=', 'X-Amzn-Trace-Id': 'Root=1-62bee198-4cc3e1e74da43fd557094a0d', 'X-Cache': 'Error from cloudfront', 'Via': '1.1 78151a5252ddc63300143dbe81b1f0c4.cloudfront.net (CloudFront)', 'X-Amz-Cf-Pop': 'EWR50-C1', 'X-Amz-Cf-Id': '7HYGWBEIMq2GxYDUjY9Rc94xU3nYcJ5CArtauYD_06rxeZtmCizOoQ=='} 
 body={"message":"Unauthorized"} 
 </msg>
<msg timestamp="20220701 07:59:20.299" level="FAIL">Url: https://8bpqgqz68e.execute-api.us-east-1.amazonaws.com/dev/bcat/auction_904_subsidy_awards/geojson?geom=POLYGON((-82.2%2034.3,-82.2%2034.0,-81.9%2034.0,-81.9%2034.3,-82.2%2034.3)) Expected status: 401 != 200</msg>
<status status="FAIL" starttime="20220701 07:59:20.264" endtime="20220701 07:59:20.299"/>
</kw>
<kw name="Dictionary Should Contain Key" library="Collections">
<arg>${response.json()}</arg>
<arg>type</arg>
<doc>Fails if ``key`` is not found from ``dictionary``.</doc>
<status status="NOT RUN" starttime="20220701 07:59:20.299" endtime="20220701 07:59:20.299"/>
</kw>
<kw name="Dictionary Should Contain Key" library="Collections">
<arg>${response.json()}</arg>
<arg>features</arg>
<doc>Fails if ``key`` is not found from ``dictionary``.</doc>
<status status="NOT RUN" starttime="20220701 07:59:20.299" endtime="20220701 07:59:20.299"/>
</kw>
<kw name="Should Be Equal As Strings" library="BuiltIn">
<arg>${response.json()}[type]</arg>
<arg>FeatureCollection</arg>
<doc>Fails if objects are unequal after converting them to strings.</doc>
<status status="NOT RUN" starttime="20220701 07:59:20.299" endtime="20220701 07:59:20.299"/>
</kw>
<status status="FAIL" starttime="20220701 07:59:20.264" endtime="20220701 07:59:20.300"/>
</kw>
<status status="FAIL" starttime="20220701 07:59:20.263" endtime="20220701 07:59:20.300">Url: https://8bpqgqz68e.execute-api.us-east-1.amazonaws.com/dev/bcat/auction_904_subsidy_awards/geojson?geom=POLYGON((-82.2%2034.3,-82.2%2034.0,-81.9%2034.0,-81.9%2034.3,-82.2%2034.3)) Expected status: 401 != 200</status>
</test>
<test id="s1-s3-t2" name="geom broadband_unserved_blocks" line="10">
<kw name="Validate JSON">
<arg>/bcat/broadband_unserved_blocks/geojson</arg>
<arg>geom=POLYGON((-82.2 34.3,-82.2 34.0,-81.9 34.0,-81.9 34.3,-82.2 34.3))</arg>
<kw name="GET" library="RequestsLibrary">
<var>${response}</var>
<arg>${server}${url}</arg>
<arg>params=${params}</arg>
<arg>expected_status=200</arg>
<doc>Sends a GET request.</doc>
<msg timestamp="20220701 07:59:20.345" level="INFO">GET Request : url=https://8bpqgqz68e.execute-api.us-east-1.amazonaws.com/dev/bcat/broadband_unserved_blocks/geojson?geom=POLYGON((-82.2%2034.3,-82.2%2034.0,-81.9%2034.0,-81.9%2034.3,-82.2%2034.3)) 
 path_url=/dev/bcat/broadband_unserved_blocks/geojson?geom=POLYGON((-82.2%2034.3,-82.2%2034.0,-81.9%2034.0,-81.9%2034.3,-82.2%2034.3)) 
 headers={'User-Agent': 'python-requests/2.26.0', 'Accept-Encoding': 'gzip, deflate, br', 'Accept': '*/*', 'Connection': 'keep-alive'} 
 body=None 
 </msg>
<msg timestamp="20220701 07:59:20.345" level="INFO">GET Response : url=https://8bpqgqz68e.execute-api.us-east-1.amazonaws.com/dev/bcat/broadband_unserved_blocks/geojson?geom=POLYGON((-82.2%2034.3,-82.2%2034.0,-81.9%2034.0,-81.9%2034.3,-82.2%2034.3)) 
 status=401, reason=Unauthorized 
 headers={'Content-Type': 'application/json', 'Content-Length': '26', 'Connection': 'keep-alive', 'Date': 'Fri, 01 Jul 2022 11:59:20 GMT', 'x-amzn-RequestId': '51f89935-e382-4b71-af9e-748dd35ccab0', 'Access-Control-Allow-Origin': '*', 'x-amzn-ErrorType': 'UnauthorizedException', 'x-amz-apigw-id': 'Ulgv1GaYoAMFycQ=', 'X-Amzn-Trace-Id': 'Root=1-62bee198-32f3bfa253293d683a836189', 'X-Cache': 'Error from cloudfront', 'Via': '1.1 04d5f6961d9b76b97c908d8ed9816378.cloudfront.net (CloudFront)', 'X-Amz-Cf-Pop': 'EWR50-C1', 'X-Amz-Cf-Id': 'jYaC0ILI5DESOUz2CsMApw4wActUJzVECYRspzGRBYkH2do86z7JBg=='} 
 body={"message":"Unauthorized"} 
 </msg>
<msg timestamp="20220701 07:59:20.345" level="FAIL">Url: https://8bpqgqz68e.execute-api.us-east-1.amazonaws.com/dev/bcat/broadband_unserved_blocks/geojson?geom=POLYGON((-82.2%2034.3,-82.2%2034.0,-81.9%2034.0,-81.9%2034.3,-82.2%2034.3)) Expected status: 401 != 200</msg>
<status status="FAIL" starttime="20220701 07:59:20.300" endtime="20220701 07:59:20.345"/>
</kw>
<kw name="Dictionary Should Contain Key" library="Collections">
<arg>${response.json()}</arg>
<arg>type</arg>
<doc>Fails if ``key`` is not found from ``dictionary``.</doc>
<status status="NOT RUN" starttime="20220701 07:59:20.346" endtime="20220701 07:59:20.346"/>
</kw>
<kw name="Dictionary Should Contain Key" library="Collections">
<arg>${response.json()}</arg>
<arg>features</arg>
<doc>Fails if ``key`` is not found from ``dictionary``.</doc>
<status status="NOT RUN" starttime="20220701 07:59:20.346" endtime="20220701 07:59:20.346"/>
</kw>
<kw name="Should Be Equal As Strings" library="BuiltIn">
<arg>${response.json()}[type]</arg>
<arg>FeatureCollection</arg>
<doc>Fails if objects are unequal after converting them to strings.</doc>
<status status="NOT RUN" starttime="20220701 07:59:20.346" endtime="20220701 07:59:20.346"/>
</kw>
<status status="FAIL" starttime="20220701 07:59:20.300" endtime="20220701 07:59:20.346"/>
</kw>
<status status="FAIL" starttime="20220701 07:59:20.300" endtime="20220701 07:59:20.346">Url: https://8bpqgqz68e.execute-api.us-east-1.amazonaws.com/dev/bcat/broadband_unserved_blocks/geojson?geom=POLYGON((-82.2%2034.3,-82.2%2034.0,-81.9%2034.0,-81.9%2034.3,-82.2%2034.3)) Expected status: 401 != 200</status>
</test>
<test id="s1-s3-t3" name="geom county_broadband_farm_bill_eligibility" line="11">
<kw name="Validate JSON">
<arg>/bcat/county_broadband_farm_bill_eligibility/geojson</arg>
<arg>geom=POLYGON((-82.2 34.3,-82.2 34.0,-81.9 34.0,-81.9 34.3,-82.2 34.3))</arg>
<kw name="GET" library="RequestsLibrary">
<var>${response}</var>
<arg>${server}${url}</arg>
<arg>params=${params}</arg>
<arg>expected_status=200</arg>
<doc>Sends a GET request.</doc>
<msg timestamp="20220701 07:59:20.389" level="INFO">GET Request : url=https://8bpqgqz68e.execute-api.us-east-1.amazonaws.com/dev/bcat/county_broadband_farm_bill_eligibility/geojson?geom=POLYGON((-82.2%2034.3,-82.2%2034.0,-81.9%2034.0,-81.9%2034.3,-82.2%2034.3)) 
 path_url=/dev/bcat/county_broadband_farm_bill_eligibility/geojson?geom=POLYGON((-82.2%2034.3,-82.2%2034.0,-81.9%2034.0,-81.9%2034.3,-82.2%2034.3)) 
 headers={'User-Agent': 'python-requests/2.26.0', 'Accept-Encoding': 'gzip, deflate, br', 'Accept': '*/*', 'Connection': 'keep-alive'} 
 body=None 
 </msg>
<msg timestamp="20220701 07:59:20.390" level="INFO">GET Response : url=https://8bpqgqz68e.execute-api.us-east-1.amazonaws.com/dev/bcat/county_broadband_farm_bill_eligibility/geojson?geom=POLYGON((-82.2%2034.3,-82.2%2034.0,-81.9%2034.0,-81.9%2034.3,-82.2%2034.3)) 
 status=401, reason=Unauthorized 
 headers={'Content-Type': 'application/json', 'Content-Length': '26', 'Connection': 'keep-alive', 'Date': 'Fri, 01 Jul 2022 11:59:20 GMT', 'x-amzn-RequestId': 'aae0af0d-ff45-4259-b778-f0033cff0003', 'Access-Control-Allow-Origin': '*', 'x-amzn-ErrorType': 'UnauthorizedException', 'x-amz-apigw-id': 'Ulgv1HNTIAMFwag=', 'X-Amzn-Trace-Id': 'Root=1-62bee198-4baa090953bf1e6248c73702', 'X-Cache': 'Error from cloudfront', 'Via': '1.1 16d05722e4fd66d659ec48b5bb6f2d18.cloudfront.net (CloudFront)', 'X-Amz-Cf-Pop': 'EWR50-C1', 'X-Amz-Cf-Id': 'hbtR8ZRHMzpBlslXFZptVZviM4fav15zvhq5aHgs-jq89oR56dgAOQ=='} 
 body={"message":"Unauthorized"} 
 </msg>
<msg timestamp="20220701 07:59:20.390" level="FAIL">Url: https://8bpqgqz68e.execute-api.us-east-1.amazonaws.com/dev/bcat/county_broadband_farm_bill_eligibility/geojson?geom=POLYGON((-82.2%2034.3,-82.2%2034.0,-81.9%2034.0,-81.9%2034.3,-82.2%2034.3)) Expected status: 401 != 200</msg>
<status status="FAIL" starttime="20220701 07:59:20.347" endtime="20220701 07:59:20.390"/>
</kw>
<kw name="Dictionary Should Contain Key" library="Collections">
<arg>${response.json()}</arg>
<arg>type</arg>
<doc>Fails if ``key`` is not found from ``dictionary``.</doc>
<status status="NOT RUN" starttime="20220701 07:59:20.390" endtime="20220701 07:59:20.390"/>
</kw>
<kw name="Dictionary Should Contain Key" library="Collections">
<arg>${response.json()}</arg>
<arg>features</arg>
<doc>Fails if ``key`` is not found from ``dictionary``.</doc>
<status status="NOT RUN" starttime="20220701 07:59:20.390" endtime="20220701 07:59:20.390"/>
</kw>
<kw name="Should Be Equal As Strings" library="BuiltIn">
<arg>${response.json()}[type]</arg>
<arg>FeatureCollection</arg>
<doc>Fails if objects are unequal after converting them to strings.</doc>
<status status="NOT RUN" starttime="20220701 07:59:20.390" endtime="20220701 07:59:20.390"/>
</kw>
<status status="FAIL" starttime="20220701 07:59:20.347" endtime="20220701 07:59:20.391"/>
</kw>
<status status="FAIL" starttime="20220701 07:59:20.347" endtime="20220701 07:59:20.391">Url: https://8bpqgqz68e.execute-api.us-east-1.amazonaws.com/dev/bcat/county_broadband_farm_bill_eligibility/geojson?geom=POLYGON((-82.2%2034.3,-82.2%2034.0,-81.9%2034.0,-81.9%2034.3,-82.2%2034.3)) Expected status: 401 != 200</status>
</test>
<test id="s1-s3-t4" name="geom county_broadband_pending_rural_dev" line="12">
<kw name="Validate JSON">
<arg>/bcat/county_broadband_pending_rural_dev/geojson</arg>
<arg>geom=POLYGON((-82.2 34.3,-82.2 34.0,-81.9 34.0,-81.9 34.3,-82.2 34.3))</arg>
<kw name="GET" library="RequestsLibrary">
<var>${response}</var>
<arg>${server}${url}</arg>
<arg>params=${params}</arg>
<arg>expected_status=200</arg>
<doc>Sends a GET request.</doc>
<msg timestamp="20220701 07:59:20.429" level="INFO">GET Request : url=https://8bpqgqz68e.execute-api.us-east-1.amazonaws.com/dev/bcat/county_broadband_pending_rural_dev/geojson?geom=POLYGON((-82.2%2034.3,-82.2%2034.0,-81.9%2034.0,-81.9%2034.3,-82.2%2034.3)) 
 path_url=/dev/bcat/county_broadband_pending_rural_dev/geojson?geom=POLYGON((-82.2%2034.3,-82.2%2034.0,-81.9%2034.0,-81.9%2034.3,-82.2%2034.3)) 
 headers={'User-Agent': 'python-requests/2.26.0', 'Accept-Encoding': 'gzip, deflate, br', 'Accept': '*/*', 'Connection': 'keep-alive'} 
 body=None 
 </msg>
<msg timestamp="20220701 07:59:20.429" level="INFO">GET Response : url=https://8bpqgqz68e.execute-api.us-east-1.amazonaws.com/dev/bcat/county_broadband_pending_rural_dev/geojson?geom=POLYGON((-82.2%2034.3,-82.2%2034.0,-81.9%2034.0,-81.9%2034.3,-82.2%2034.3)) 
 status=401, reason=Unauthorized 
 headers={'Content-Type': 'application/json', 'Content-Length': '26', 'Connection': 'keep-alive', 'Date': 'Fri, 01 Jul 2022 11:59:20 GMT', 'x-amzn-RequestId': '8e7e5103-4e4f-43ca-9ecc-a17f0408759b', 'Access-Control-Allow-Origin': '*', 'x-amzn-ErrorType': 'UnauthorizedException', 'x-amz-apigw-id': 'Ulgv2GG-oAMF8Jg=', 'X-Amzn-Trace-Id': 'Root=1-62bee198-62cbbbed07dd6a6b34e0d535', 'X-Cache': 'Error from cloudfront', 'Via': '1.1 79f9fb603ee37517dbf3cd108c449392.cloudfront.net (CloudFront)', 'X-Amz-Cf-Pop': 'EWR50-C1', 'X-Amz-Cf-Id': '5s0q-tmqQNquZygB0wYttOu5dC7AmspmSx5e6PPenJzTB1f0cpwbsQ=='} 
 body={"message":"Unauthorized"} 
 </msg>
<msg timestamp="20220701 07:59:20.429" level="FAIL">Url: https://8bpqgqz68e.execute-api.us-east-1.amazonaws.com/dev/bcat/county_broadband_pending_rural_dev/geojson?geom=POLYGON((-82.2%2034.3,-82.2%2034.0,-81.9%2034.0,-81.9%2034.3,-82.2%2034.3)) Expected status: 401 != 200</msg>
<status status="FAIL" starttime="20220701 07:59:20.392" endtime="20220701 07:59:20.429"/>
</kw>
<kw name="Dictionary Should Contain Key" library="Collections">
<arg>${response.json()}</arg>
<arg>type</arg>
<doc>Fails if ``key`` is not found from ``dictionary``.</doc>
<status status="NOT RUN" starttime="20220701 07:59:20.429" endtime="20220701 07:59:20.429"/>
</kw>
<kw name="Dictionary Should Contain Key" library="Collections">
<arg>${response.json()}</arg>
<arg>features</arg>
<doc>Fails if ``key`` is not found from ``dictionary``.</doc>
<status status="NOT RUN" starttime="20220701 07:59:20.429" endtime="20220701 07:59:20.429"/>
</kw>
<kw name="Should Be Equal As Strings" library="BuiltIn">
<arg>${response.json()}[type]</arg>
<arg>FeatureCollection</arg>
<doc>Fails if objects are unequal after converting them to strings.</doc>
<status status="NOT RUN" starttime="20220701 07:59:20.429" endtime="20220701 07:59:20.430"/>
</kw>
<status status="FAIL" starttime="20220701 07:59:20.391" endtime="20220701 07:59:20.430"/>
</kw>
<status status="FAIL" starttime="20220701 07:59:20.391" endtime="20220701 07:59:20.430">Url: https://8bpqgqz68e.execute-api.us-east-1.amazonaws.com/dev/bcat/county_broadband_pending_rural_dev/geojson?geom=POLYGON((-82.2%2034.3,-82.2%2034.0,-81.9%2034.0,-81.9%2034.3,-82.2%2034.3)) Expected status: 401 != 200</status>
</test>
<test id="s1-s3-t5" name="geom county_ilecs_geo" line="13">
<kw name="Validate JSON">
<arg>/bcat/county_ilecs_geo/geojson</arg>
<arg>geom=POLYGON((-82.2 34.3,-82.2 34.0,-81.9 34.0,-81.9 34.3,-82.2 34.3))</arg>
<kw name="GET" library="RequestsLibrary">
<var>${response}</var>
<arg>${server}${url}</arg>
<arg>params=${params}</arg>
<arg>expected_status=200</arg>
<doc>Sends a GET request.</doc>
<msg timestamp="20220701 07:59:20.472" level="INFO">GET Request : url=https://8bpqgqz68e.execute-api.us-east-1.amazonaws.com/dev/bcat/county_ilecs_geo/geojson?geom=POLYGON((-82.2%2034.3,-82.2%2034.0,-81.9%2034.0,-81.9%2034.3,-82.2%2034.3)) 
 path_url=/dev/bcat/county_ilecs_geo/geojson?geom=POLYGON((-82.2%2034.3,-82.2%2034.0,-81.9%2034.0,-81.9%2034.3,-82.2%2034.3)) 
 headers={'User-Agent': 'python-requests/2.26.0', 'Accept-Encoding': 'gzip, deflate, br', 'Accept': '*/*', 'Connection': 'keep-alive'} 
 body=None 
 </msg>
<msg timestamp="20220701 07:59:20.473" level="INFO">GET Response : url=https://8bpqgqz68e.execute-api.us-east-1.amazonaws.com/dev/bcat/county_ilecs_geo/geojson?geom=POLYGON((-82.2%2034.3,-82.2%2034.0,-81.9%2034.0,-81.9%2034.3,-82.2%2034.3)) 
 status=401, reason=Unauthorized 
 headers={'Content-Type': 'application/json', 'Content-Length': '26', 'Connection': 'keep-alive', 'Date': 'Fri, 01 Jul 2022 11:59:20 GMT', 'x-amzn-RequestId': '30774f13-f764-4ed7-bcdb-c21d8fbdd7d0', 'Access-Control-Allow-Origin': '*', 'x-amzn-ErrorType': 'UnauthorizedException', 'x-amz-apigw-id': 'Ulgv2GvFIAMF-cQ=', 'X-Amzn-Trace-Id': 'Root=1-62bee198-72a8eeb03669b5e41da5abe3', 'X-Cache': 'Error from cloudfront', 'Via': '1.1 a123807296d8a3060657bb737260f994.cloudfront.net (CloudFront)', 'X-Amz-Cf-Pop': 'EWR50-C1', 'X-Amz-Cf-Id': 'nVzqGzotGB8LnWiTslboAf2HFX7uMb5kCuQqgdn0wBTooAMC8HM5HA=='} 
 body={"message":"Unauthorized"} 
 </msg>
<msg timestamp="20220701 07:59:20.473" level="FAIL">Url: https://8bpqgqz68e.execute-api.us-east-1.amazonaws.com/dev/bcat/county_ilecs_geo/geojson?geom=POLYGON((-82.2%2034.3,-82.2%2034.0,-81.9%2034.0,-81.9%2034.3,-82.2%2034.3)) Expected status: 401 != 200</msg>
<status status="FAIL" starttime="20220701 07:59:20.431" endtime="20220701 07:59:20.473"/>
</kw>
<kw name="Dictionary Should Contain Key" library="Collections">
<arg>${response.json()}</arg>
<arg>type</arg>
<doc>Fails if ``key`` is not found from ``dictionary``.</doc>
<status status="NOT RUN" starttime="20220701 07:59:20.473" endtime="20220701 07:59:20.473"/>
</kw>
<kw name="Dictionary Should Contain Key" library="Collections">
<arg>${response.json()}</arg>
<arg>features</arg>
<doc>Fails if ``key`` is not found from ``dictionary``.</doc>
<status status="NOT RUN" starttime="20220701 07:59:20.473" endtime="20220701 07:59:20.473"/>
</kw>
<kw name="Should Be Equal As Strings" library="BuiltIn">
<arg>${response.json()}[type]</arg>
<arg>FeatureCollection</arg>
<doc>Fails if objects are unequal after converting them to strings.</doc>
<status status="NOT RUN" starttime="20220701 07:59:20.473" endtime="20220701 07:59:20.473"/>
</kw>
<status status="FAIL" starttime="20220701 07:59:20.431" endtime="20220701 07:59:20.474"/>
</kw>
<status status="FAIL" starttime="20220701 07:59:20.430" endtime="20220701 07:59:20.474">Url: https://8bpqgqz68e.execute-api.us-east-1.amazonaws.com/dev/bcat/county_ilecs_geo/geojson?geom=POLYGON((-82.2%2034.3,-82.2%2034.0,-81.9%2034.0,-81.9%2034.3,-82.2%2034.3)) Expected status: 401 != 200</status>
</test>
<test id="s1-s3-t6" name="geom county_rural_dev_broadband_protected_borrowers" line="14">
<kw name="Validate JSON">
<arg>/bcat/county_rural_dev_broadband_protected_borrowers/geojson</arg>
<arg>geom=POLYGON((-82.2 34.3,-82.2 34.0,-81.9 34.0,-81.9 34.3,-82.2 34.3))</arg>
<kw name="GET" library="RequestsLibrary">
<var>${response}</var>
<arg>${server}${url}</arg>
<arg>params=${params}</arg>
<arg>expected_status=200</arg>
<doc>Sends a GET request.</doc>
<msg timestamp="20220701 07:59:20.520" level="INFO">GET Request : url=https://8bpqgqz68e.execute-api.us-east-1.amazonaws.com/dev/bcat/county_rural_dev_broadband_protected_borrowers/geojson?geom=POLYGON((-82.2%2034.3,-82.2%2034.0,-81.9%2034.0,-81.9%2034.3,-82.2%2034.3)) 
 path_url=/dev/bcat/county_rural_dev_broadband_protected_borrowers/geojson?geom=POLYGON((-82.2%2034.3,-82.2%2034.0,-81.9%2034.0,-81.9%2034.3,-82.2%2034.3)) 
 headers={'User-Agent': 'python-requests/2.26.0', 'Accept-Encoding': 'gzip, deflate, br', 'Accept': '*/*', 'Connection': 'keep-alive'} 
 body=None 
 </msg>
<msg timestamp="20220701 07:59:20.520" level="INFO">GET Response : url=https://8bpqgqz68e.execute-api.us-east-1.amazonaws.com/dev/bcat/county_rural_dev_broadband_protected_borrowers/geojson?geom=POLYGON((-82.2%2034.3,-82.2%2034.0,-81.9%2034.0,-81.9%2034.3,-82.2%2034.3)) 
 status=401, reason=Unauthorized 
 headers={'Content-Type': 'application/json', 'Content-Length': '26', 'Connection': 'keep-alive', 'Date': 'Fri, 01 Jul 2022 11:59:20 GMT', 'x-amzn-RequestId': '4668148b-8e9c-43ff-a150-46518d4c29ca', 'Access-Control-Allow-Origin': '*', 'x-amzn-ErrorType': 'UnauthorizedException', 'x-amz-apigw-id': 'Ulgv3E_LIAMFqMg=', 'X-Amzn-Trace-Id': 'Root=1-62bee198-0f7e9af32e3a11d00ab9e1f2', 'X-Cache': 'Error from cloudfront', 'Via': '1.1 724c8c129f28bfce25c0430050f1ae72.cloudfront.net (CloudFront)', 'X-Amz-Cf-Pop': 'EWR50-C1', 'X-Amz-Cf-Id': 'QD8d5Od6A_YZXWX9XJ214PdNIXhwORlg6O6t77A2VqYfWaX_iOz_7Q=='} 
 body={"message":"Unauthorized"} 
 </msg>
<msg timestamp="20220701 07:59:20.520" level="FAIL">Url: https://8bpqgqz68e.execute-api.us-east-1.amazonaws.com/dev/bcat/county_rural_dev_broadband_protected_borrowers/geojson?geom=POLYGON((-82.2%2034.3,-82.2%2034.0,-81.9%2034.0,-81.9%2034.3,-82.2%2034.3)) Expected status: 401 != 200</msg>
<status status="FAIL" starttime="20220701 07:59:20.475" endtime="20220701 07:59:20.520"/>
</kw>
<kw name="Dictionary Should Contain Key" library="Collections">
<arg>${response.json()}</arg>
<arg>type</arg>
<doc>Fails if ``key`` is not found from ``dictionary``.</doc>
<status status="NOT RUN" starttime="20220701 07:59:20.521" endtime="20220701 07:59:20.521"/>
</kw>
<kw name="Dictionary Should Contain Key" library="Collections">
<arg>${response.json()}</arg>
<arg>features</arg>
<doc>Fails if ``key`` is not found from ``dictionary``.</doc>
<status status="NOT RUN" starttime="20220701 07:59:20.521" endtime="20220701 07:59:20.521"/>
</kw>
<kw name="Should Be Equal As Strings" library="BuiltIn">
<arg>${response.json()}[type]</arg>
<arg>FeatureCollection</arg>
<doc>Fails if objects are unequal after converting them to strings.</doc>
<status status="NOT RUN" starttime="20220701 07:59:20.521" endtime="20220701 07:59:20.521"/>
</kw>
<status status="FAIL" starttime="20220701 07:59:20.475" endtime="20220701 07:59:20.521"/>
</kw>
<status status="FAIL" starttime="20220701 07:59:20.474" endtime="20220701 07:59:20.521">Url: https://8bpqgqz68e.execute-api.us-east-1.amazonaws.com/dev/bcat/county_rural_dev_broadband_protected_borrowers/geojson?geom=POLYGON((-82.2%2034.3,-82.2%2034.0,-81.9%2034.0,-81.9%2034.3,-82.2%2034.3)) Expected status: 401 != 200</status>
</test>
<test id="s1-s3-t7" name="geom fiber_cable_unserved_blocks" line="16">
<kw name="Validate JSON">
[...]
<status status="NOT RUN" starttime="20220701 07:59:20.611" endtime="20220701 07:59:20.611"/>
</kw>
<kw name="Should Be Equal As Strings" library="BuiltIn">
<arg>${response.json()}[type]</arg>
<arg>FeatureCollection</arg>
<doc>Fails if objects are unequal after converting them to strings.</doc>
<status status="NOT RUN" starttime="20220701 07:59:20.611" endtime="20220701 07:59:20.611"/>
</kw>
<status status="FAIL" starttime="20220701 07:59:20.566" endtime="20220701 07:59:20.612"/>
</kw>
<status status="FAIL" starttime="20220701 07:59:20.566" endtime="20220701 07:59:20.612">Url: https://8bpqgqz68e.execute-api.us-east-1.amazonaws.com/dev/bcat/incumbent_electric_providers_geo/geojson?geom=POLYGON((-82.2%2034.3,-82.2%2034.0,-81.9%2034.0,-81.9%2034.3,-82.2%2034.3)) Expected status: 401 != 200</status>
</test>
<status status="FAIL" starttime="20220701 07:59:20.262" endtime="20220701 07:59:20.612"/>
</suite>
<suite id="s1-s4" name="Test Mvt" source="/home/nsmith/Documents/MergingFutures/clients/CORI/dev/cori-data-api/python-microservices/local/test_mvt.robot">
<test id="s1-s4-t1" name="mvt tiles auction_904_subsidy_awards" line="9">
<kw name="Validate MVT">
<arg>/bcat/auction_904_subsidy_awards/tiles/10/278/408.pbf</arg>
<kw name="GET" library="RequestsLibrary">
<var>${response}</var>
<arg>${server}${url}</arg>
<arg>expected_status=200</arg>
<doc>Sends a GET request.</doc>
<msg timestamp="20220701 07:59:20.656" level="INFO">GET Request : url=https://8bpqgqz68e.execute-api.us-east-1.amazonaws.com/dev/bcat/auction_904_subsidy_awards/tiles/10/278/408.pbf 
 path_url=/dev/bcat/auction_904_subsidy_awards/tiles/10/278/408.pbf 
 headers={'User-Agent': 'python-requests/2.26.0', 'Accept-Encoding': 'gzip, deflate, br', 'Accept': '*/*', 'Connection': 'keep-alive'} 
 body=None 
 </msg>
<msg timestamp="20220701 07:59:20.656" level="INFO">GET Response : url=https://8bpqgqz68e.execute-api.us-east-1.amazonaws.com/dev/bcat/auction_904_subsidy_awards/tiles/10/278/408.pbf 
 status=401, reason=Unauthorized 
 headers={'Content-Type': 'application/json', 'Content-Length': '26', 'Connection': 'keep-alive', 'Date': 'Fri, 01 Jul 2022 11:59:20 GMT', 'x-amzn-RequestId': '9f38cc98-c658-49f9-8164-fd7e99dbe7d7', 'Access-Control-Allow-Origin': '*', 'x-amzn-ErrorType': 'UnauthorizedException', 'x-amz-apigw-id': 'Ulgv4FCZoAMFccg=', 'X-Amzn-Trace-Id': 'Root=1-62bee198-716aaa314361abcd07551199', 'X-Cache': 'Error from cloudfront', 'Via': '1.1 b6217766ccd41d69658fea04297b7c24.cloudfront.net (CloudFront)', 'X-Amz-Cf-Pop': 'EWR50-C1', 'X-Amz-Cf-Id': 'a5HfWqN-39GSVL2w016GaR3FWshdD4x1dgLEb-7nt01g3ZfaDew9bw=='} 
 body={"message":"Unauthorized"} 
 </msg>
<msg timestamp="20220701 07:59:20.656" level="FAIL">Url: https://8bpqgqz68e.execute-api.us-east-1.amazonaws.com/dev/bcat/auction_904_subsidy_awards/tiles/10/278/408.pbf Expected status: 401 != 200</msg>
<status status="FAIL" starttime="20220701 07:59:20.615" endtime="20220701 07:59:20.656"/>
</kw>
<status status="FAIL" starttime="20220701 07:59:20.615" endtime="20220701 07:59:20.657"/>
</kw>
<status status="FAIL" starttime="20220701 07:59:20.614" endtime="20220701 07:59:20.657">Url: https://8bpqgqz68e.execute-api.us-east-1.amazonaws.com/dev/bcat/auction_904_subsidy_awards/tiles/10/278/408.pbf Expected status: 401 != 200</status>
</test>
<test id="s1-s4-t2" name="mvt tiles broadband_unserved_blocks" line="10">
<kw name="Validate MVT">
<arg>/bcat/broadband_unserved_blocks/tiles/10/278/408.pbf</arg>
<kw name="GET" library="RequestsLibrary">
<var>${response}</var>
<arg>${server}${url}</arg>
<arg>expected_status=200</arg>
<doc>Sends a GET request.</doc>
<msg timestamp="20220701 07:59:20.707" level="INFO">GET Request : url=https://8bpqgqz68e.execute-api.us-east-1.amazonaws.com/dev/bcat/broadband_unserved_blocks/tiles/10/278/408.pbf 
 path_url=/dev/bcat/broadband_unserved_blocks/tiles/10/278/408.pbf 
 headers={'User-Agent': 'python-requests/2.26.0', 'Accept-Encoding': 'gzip, deflate, br', 'Accept': '*/*', 'Connection': 'keep-alive'} 
 body=None 
 </msg>
<msg timestamp="20220701 07:59:20.707" level="INFO">GET Response : url=https://8bpqgqz68e.execute-api.us-east-1.amazonaws.com/dev/bcat/broadband_unserved_blocks/tiles/10/278/408.pbf 
 status=401, reason=Unauthorized 
 headers={'Content-Type': 'application/json', 'Content-Length': '26', 'Connection': 'keep-alive', 'Date': 'Fri, 01 Jul 2022 11:59:20 GMT', 'x-amzn-RequestId': '3d48a0e2-a061-4986-b51e-bcdc57f56fc7', 'Access-Control-Allow-Origin': '*', 'x-amzn-ErrorType': 'UnauthorizedException', 'x-amz-apigw-id': 'Ulgv4GMfIAMF19A=', 'X-Amzn-Trace-Id': 'Root=1-62bee198-13b9a19911e1ed870defe29a', 'X-Cache': 'Error from cloudfront', 'Via': '1.1 d50f0ffd76e03cff5d1f6328069e44e0.cloudfront.net (CloudFront)', 'X-Amz-Cf-Pop': 'EWR50-C1', 'X-Amz-Cf-Id': 'XAZiRh1ofg--I4XK2mkZd-AeTsmUVxDHl2tOMK8FEy3N2OdCYRcDmw=='} 
 body={"message":"Unauthorized"} 
 </msg>
<msg timestamp="20220701 07:59:20.707" level="FAIL">Url: https://8bpqgqz68e.execute-api.us-east-1.amazonaws.com/dev/bcat/broadband_unserved_blocks/tiles/10/278/408.pbf Expected status: 401 != 200</msg>
<status status="FAIL" starttime="20220701 07:59:20.658" endtime="20220701 07:59:20.707"/>
</kw>
<status status="FAIL" starttime="20220701 07:59:20.658" endtime="20220701 07:59:20.708"/>
</kw>
<status status="FAIL" starttime="20220701 07:59:20.657" endtime="20220701 07:59:20.708">Url: https://8bpqgqz68e.execute-api.us-east-1.amazonaws.com/dev/bcat/broadband_unserved_blocks/tiles/10/278/408.pbf Expected status: 401 != 200</status>
</test>
<test id="s1-s4-t3" name="mvt tiles county_broadband_farm_bill_eligibility" line="11">
<kw name="Validate MVT">
<arg>/bcat/county_broadband_farm_bill_eligibility/tiles/10/278/408.pbf</arg>
<kw name="GET" library="RequestsLibrary">
<var>${response}</var>
<arg>${server}${url}</arg>
<arg>expected_status=200</arg>
<doc>Sends a GET request.</doc>
<msg timestamp="20220701 07:59:20.756" level="INFO">GET Request : url=https://8bpqgqz68e.execute-api.us-east-1.amazonaws.com/dev/bcat/county_broadband_farm_bill_eligibility/tiles/10/278/408.pbf 
 path_url=/dev/bcat/county_broadband_farm_bill_eligibility/tiles/10/278/408.pbf 
 headers={'User-Agent': 'python-requests/2.26.0', 'Accept-Encoding': 'gzip, deflate, br', 'Accept': '*/*', 'Connection': 'keep-alive'} 
 body=None 
 </msg>
<msg timestamp="20220701 07:59:20.756" level="INFO">GET Response : url=https://8bpqgqz68e.execute-api.us-east-1.amazonaws.com/dev/bcat/county_broadband_farm_bill_eligibility/tiles/10/278/408.pbf 
 status=401, reason=Unauthorized 
 headers={'Content-Type': 'application/json', 'Content-Length': '26', 'Connection': 'keep-alive', 'Date': 'Fri, 01 Jul 2022 11:59:20 GMT', 'x-amzn-RequestId': '24c8b063-0524-4efc-a816-b98a6f914d4b', 'Access-Control-Allow-Origin': '*', 'x-amzn-ErrorType': 'UnauthorizedException', 'x-amz-apigw-id': 'Ulgv5FKPIAMFcLQ=', 'X-Amzn-Trace-Id': 'Root=1-62bee198-3d6dc828232942cc186eae81', 'X-Cache': 'Error from cloudfront', 'Via': '1.1 e6fc68fd040718147cda2e3ef6f63636.cloudfront.net (CloudFront)', 'X-Amz-Cf-Pop': 'EWR50-C1', 'X-Amz-Cf-Id': 'QmmMk4T-rY56SDaTwZsHH3N3qc4r69NEhEkMdNfVj2PnEptl0hoyeA=='} 
 body={"message":"Unauthorized"} 
 </msg>
<msg timestamp="20220701 07:59:20.757" level="FAIL">Url: https://8bpqgqz68e.execute-api.us-east-1.amazonaws.com/dev/bcat/county_broadband_farm_bill_eligibility/tiles/10/278/408.pbf Expected status: 401 != 200</msg>
<status status="FAIL" starttime="20220701 07:59:20.709" endtime="20220701 07:59:20.757"/>
</kw>
<status status="FAIL" starttime="20220701 07:59:20.709" endtime="20220701 07:59:20.757"/>
</kw>
<status status="FAIL" starttime="20220701 07:59:20.708" endtime="20220701 07:59:20.757">Url: https://8bpqgqz68e.execute-api.us-east-1.amazonaws.com/dev/bcat/county_broadband_farm_bill_eligibility/tiles/10/278/408.pbf Expected status: 401 != 200</status>
</test>
<test id="s1-s4-t4" name="mvt tiles county_broadband_pending_rural_dev" line="12">
<kw name="Validate MVT">
<arg>/bcat/county_broadband_pending_rural_dev/tiles/10/278/408.pbf</arg>
<kw name="GET" library="RequestsLibrary">
<var>${response}</var>
<arg>${server}${url}</arg>
<arg>expected_status=200</arg>
<doc>Sends a GET request.</doc>
<msg timestamp="20220701 07:59:20.802" level="INFO">GET Request : url=https://8bpqgqz68e.execute-api.us-east-1.amazonaws.com/dev/bcat/county_broadband_pending_rural_dev/tiles/10/278/408.pbf 
 path_url=/dev/bcat/county_broadband_pending_rural_dev/tiles/10/278/408.pbf 
 headers={'User-Agent': 'python-requests/2.26.0', 'Accept-Encoding': 'gzip, deflate, br', 'Accept': '*/*', 'Connection': 'keep-alive'} 
 body=None 
 </msg>
<msg timestamp="20220701 07:59:20.802" level="INFO">GET Response : url=https://8bpqgqz68e.execute-api.us-east-1.amazonaws.com/dev/bcat/county_broadband_pending_rural_dev/tiles/10/278/408.pbf 
 status=401, reason=Unauthorized 
 headers={'Content-Type': 'application/json', 'Content-Length': '26', 'Connection': 'keep-alive', 'Date': 'Fri, 01 Jul 2022 11:59:20 GMT', 'x-amzn-RequestId': '6eb709c9-e7c1-410f-9fad-69f7d227c7de', 'Access-Control-Allow-Origin': '*', 'x-amzn-ErrorType': 'UnauthorizedException', 'x-amz-apigw-id': 'Ulgv5HDroAMFRPw=', 'X-Amzn-Trace-Id': 'Root=1-62bee198-222439846d2fd12c2f36c609', 'X-Cache': 'Error from cloudfront', 'Via': '1.1 6e131451bd3f2f00145987b931606ec0.cloudfront.net (CloudFront)', 'X-Amz-Cf-Pop': 'EWR50-C1', 'X-Amz-Cf-Id': 'obSMoqzzPr8RQHvaqrKJfD9qDI2GTgqQ7rd6thnU-q0Nc-gVRfzCpw=='} 
 body={"message":"Unauthorized"} 
 </msg>
<msg timestamp="20220701 07:59:20.802" level="FAIL">Url: https://8bpqgqz68e.execute-api.us-east-1.amazonaws.com/dev/bcat/county_broadband_pending_rural_dev/tiles/10/278/408.pbf Expected status: 401 != 200</msg>
<status status="FAIL" starttime="20220701 07:59:20.758" endtime="20220701 07:59:20.802"/>
</kw>
<status status="FAIL" starttime="20220701 07:59:20.758" endtime="20220701 07:59:20.803"/>
</kw>
<status status="FAIL" starttime="20220701 07:59:20.758" endtime="20220701 07:59:20.803">Url: https://8bpqgqz68e.execute-api.us-east-1.amazonaws.com/dev/bcat/county_broadband_pending_rural_dev/tiles/10/278/408.pbf Expected status: 401 != 200</status>
</test>
<test id="s1-s4-t5" name="mvt tiles county_ilecs_geo" line="13">
<kw name="Validate MVT">
<arg>/bcat/county_ilecs_geo/tiles/10/278/408.pbf</arg>
<kw name="GET" library="RequestsLibrary">
<var>${response}</var>
<arg>${server}${url}</arg>
<arg>expected_status=200</arg>
<doc>Sends a GET request.</doc>
<msg timestamp="20220701 07:59:20.840" level="INFO">GET Request : url=https://8bpqgqz68e.execute-api.us-east-1.amazonaws.com/dev/bcat/county_ilecs_geo/tiles/10/278/408.pbf 
 path_url=/dev/bcat/county_ilecs_geo/tiles/10/278/408.pbf 
 headers={'User-Agent': 'python-requests/2.26.0', 'Accept-Encoding': 'gzip, deflate, br', 'Accept': '*/*', 'Connection': 'keep-alive'} 
 body=None 
 </msg>
<msg timestamp="20220701 07:59:20.840" level="INFO">GET Response : url=https://8bpqgqz68e.execute-api.us-east-1.amazonaws.com/dev/bcat/county_ilecs_geo/tiles/10/278/408.pbf 
 status=401, reason=Unauthorized 
 headers={'Content-Type': 'application/json', 'Content-Length': '26', 'Connection': 'keep-alive', 'Date': 'Fri, 01 Jul 2022 11:59:20 GMT', 'x-amzn-RequestId': '7c02b8e2-216f-465b-a993-da64153441c1', 'Access-Control-Allow-Origin': '*', 'x-amzn-ErrorType': 'UnauthorizedException', 'x-amz-apigw-id': 'Ulgv6FGeoAMFX8Q=', 'X-Amzn-Trace-Id': 'Root=1-62bee198-3ba8cd016320b46933ae2ff8', 'X-Cache': 'Error from cloudfront', 'Via': '1.1 e11cadb582e1707cafaebffffaca42e0.cloudfront.net (CloudFront)', 'X-Amz-Cf-Pop': 'EWR50-C1', 'X-Amz-Cf-Id': 'amGYD_FivOkzMrGplxjtRlLGhgj9LROijC9AbDYPvtuI3Z-iKZfgOw=='} 
 body={"message":"Unauthorized"} 
 </msg>
<msg timestamp="20220701 07:59:20.840" level="FAIL">Url: https://8bpqgqz68e.execute-api.us-east-1.amazonaws.com/dev/bcat/county_ilecs_geo/tiles/10/278/408.pbf Expected status: 401 != 200</msg>
<status status="FAIL" starttime="20220701 07:59:20.804" endtime="20220701 07:59:20.840"/>
</kw>
<status status="FAIL" starttime="20220701 07:59:20.804" endtime="20220701 07:59:20.841"/>
</kw>
<status status="FAIL" starttime="20220701 07:59:20.803" endtime="20220701 07:59:20.841">Url: https://8bpqgqz68e.execute-api.us-east-1.amazonaws.com/dev/bcat/county_ilecs_geo/tiles/10/278/408.pbf Expected status: 401 != 200</status>
</test>
<test id="s1-s4-t6" name="mvt tiles county_rural_dev_broadband_protected_borrowers" line="14">
<kw name="Validate MVT">
<arg>/bcat/county_rural_dev_broadband_protected_borrowers/tiles/10/278/408.pbf</arg>
<kw name="GET" library="RequestsLibrary">
<var>${response}</var>
<arg>${server}${url}</arg>
<arg>expected_status=200</arg>
<doc>Sends a GET request.</doc>
<msg timestamp="20220701 07:59:20.894" level="INFO">GET Request : url=https://8bpqgqz68e.execute-api.us-east-1.amazonaws.com/dev/bcat/county_rural_dev_broadband_protected_borrowers/tiles/10/278/408.pbf 
 path_url=/dev/bcat/county_rural_dev_broadband_protected_borrowers/tiles/10/278/408.pbf 
 headers={'User-Agent': 'python-requests/2.26.0', 'Accept-Encoding': 'gzip, deflate, br', 'Accept': '*/*', 'Connection': 'keep-alive'} 
 body=None 
 </msg>
<msg timestamp="20220701 07:59:20.894" level="INFO">GET Response : url=https://8bpqgqz68e.execute-api.us-east-1.amazonaws.com/dev/bcat/county_rural_dev_broadband_protected_borrowers/tiles/10/278/408.pbf 
 status=401, reason=Unauthorized 
 headers={'Content-Type': 'application/json', 'Content-Length': '26', 'Connection': 'keep-alive', 'Date': 'Fri, 01 Jul 2022 11:59:20 GMT', 'x-amzn-RequestId': '5b31fa85-7730-4dac-a6fb-3e351c969ce3', 'Access-Control-Allow-Origin': '*', 'x-amzn-ErrorType': 'UnauthorizedException', 'x-amz-apigw-id': 'Ulgv6H37oAMFtFw=', 'X-Amzn-Trace-Id': 'Root=1-62bee198-62b313bd39224a3b789b99ea', 'X-Cache': 'Error from cloudfront', 'Via': '1.1 9f08c6ca19a0337d28f09e25b9ff37c4.cloudfront.net (CloudFront)', 'X-Amz-Cf-Pop': 'EWR50-C1', 'X-Amz-Cf-Id': 'WU6hmuLPcCIbH3tQBUuPopDpwMNpc8JVBighNFEGFJyXj4jy4aJsKw=='} 
 body={"message":"Unauthorized"} 
 </msg>
<msg timestamp="20220701 07:59:20.894" level="FAIL">Url: https://8bpqgqz68e.execute-api.us-east-1.amazonaws.com/dev/bcat/county_rural_dev_broadband_protected_borrowers/tiles/10/278/408.pbf Expected status: 401 != 200</msg>
<status status="FAIL" starttime="20220701 07:59:20.842" endtime="20220701 07:59:20.894"/>
</kw>
<status status="FAIL" starttime="20220701 07:59:20.841" endtime="20220701 07:59:20.895"/>
</kw>
<status status="FAIL" starttime="20220701 07:59:20.841" endtime="20220701 07:59:20.895">Url: https://8bpqgqz68e.execute-api.us-east-1.amazonaws.com/dev/bcat/county_rural_dev_broadband_protected_borrowers/tiles/10/278/408.pbf Expected status: 401 != 200</status>
</test>
<test id="s1-s4-t7" name="mvt tiles fiber_cable_unserved_blocks" line="16">
<kw name="Validate MVT">
<arg>/bcat/fiber_cable_unserved_blocks/tiles/10/278/408.pbf</arg>
<kw name="GET" library="RequestsLibrary">
<var>${response}</var>
<arg>${server}${url}</arg>
<arg>expected_status=200</arg>
<doc>Sends a GET request.</doc>
<msg timestamp="20220701 07:59:20.940" level="INFO">GET Request : url=https://8bpqgqz68e.execute-api.us-east-1.amazonaws.com/dev/bcat/fiber_cable_unserved_blocks/tiles/10/278/408.pbf 
 path_url=/dev/bcat/fiber_cable_unserved_blocks/tiles/10/278/408.pbf 
 headers={'User-Agent': 'python-requests/2.26.0', 'Accept-Encoding': 'gzip, deflate, br', 'Accept': '*/*', 'Connection': 'keep-alive'} 
 body=None 
 </msg>
<msg timestamp="20220701 07:59:20.940" level="INFO">GET Response : url=https://8bpqgqz68e.execute-api.us-east-1.amazonaws.com/dev/bcat/fiber_cable_unserved_blocks/tiles/10/278/408.pbf 
 status=401, reason=Unauthorized 
 headers={'Content-Type': 'application/json', 'Content-Length': '26', 'Connection': 'keep-alive', 'Date': 'Fri, 01 Jul 2022 11:59:20 GMT', 'x-amzn-RequestId': '88a0e531-4e14-4839-a533-d390173f6ed2', 'Access-Control-Allow-Origin': '*', 'x-amzn-ErrorType': 'UnauthorizedException', 'x-amz-apigw-id': 'Ulgv7FSSIAMFr7w=', 'X-Amzn-Trace-Id': 'Root=1-62bee198-0700510c02d046e21e5172a3', 'X-Cache': 'Error from cloudfront', 'Via': '1.1 759533d02225fb7e951ea4dc2b01fd48.cloudfront.net (CloudFront)', 'X-Amz-Cf-Pop': 'EWR50-C1', 'X-Amz-Cf-Id': 'Vy6yn_90IIcZGKZN5pewDl_eHH1Os0FyOKSn7YC8T5ddYM3bdGx8Dw=='} 
 body={"message":"Unauthorized"} 
 </msg>
<msg timestamp="20220701 07:59:20.940" level="FAIL">Url: https://8bpqgqz68e.execute-api.us-east-1.amazonaws.com/dev/bcat/fiber_cable_unserved_blocks/tiles/10/278/408.pbf Expected status: 401 != 200</msg>
<status status="FAIL" starttime="20220701 07:59:20.896" endtime="20220701 07:59:20.940"/>
</kw>
<status status="FAIL" starttime="20220701 07:59:20.896" endtime="20220701 07:59:20.941"/>
</kw>
<status status="FAIL" starttime="20220701 07:59:20.895" endtime="20220701 07:59:20.941">Url: https://8bpqgqz68e.execute-api.us-east-1.amazonaws.com/dev/bcat/fiber_cable_unserved_blocks/tiles/10/278/408.pbf Expected status: 401 != 200</status>
</test>
<test id="s1-s4-t8" name="mvt tiles incumbent_electric_providers_geo" line="17">
<kw name="Validate MVT">
<arg>/bcat/incumbent_electric_providers_geo/tiles/10/278/408.pbf</arg>
<kw name="GET" library="RequestsLibrary">
<var>${response}</var>
<arg>${server}${url}</arg>
<arg>expected_status=200</arg>
<doc>Sends a GET request.</doc>
<msg timestamp="20220701 07:59:20.996" level="INFO">GET Request : url=https://8bpqgqz68e.execute-api.us-east-1.amazonaws.com/dev/bcat/incumbent_electric_providers_geo/tiles/10/278/408.pbf 
 path_url=/dev/bcat/incumbent_electric_providers_geo/tiles/10/278/408.pbf 
 headers={'User-Agent': 'python-requests/2.26.0', 'Accept-Encoding': 'gzip, deflate, br', 'Accept': '*/*', 'Connection': 'keep-alive'} 
 body=None 
 </msg>
<msg timestamp="20220701 07:59:20.996" level="INFO">GET Response : url=https://8bpqgqz68e.execute-api.us-east-1.amazonaws.com/dev/bcat/incumbent_electric_providers_geo/tiles/10/278/408.pbf 
 status=401, reason=Unauthorized 
 headers={'Content-Type': 'application/json', 'Content-Length': '26', 'Connection': 'keep-alive', 'Date': 'Fri, 01 Jul 2022 11:59:20 GMT', 'x-amzn-RequestId': '38404eda-64d1-4b28-9bd0-5138dbbe83bc', 'Access-Control-Allow-Origin': '*', 'x-amzn-ErrorType': 'UnauthorizedException', 'x-amz-apigw-id': 'Ulgv7GldIAMFiDA=', 'X-Amzn-Trace-Id': 'Root=1-62bee198-67f1e3a44ed4024b62ff6da4', 'X-Cache': 'Error from cloudfront', 'Via': '1.1 c5e0ddd115d9893ade353cf085d11dba.cloudfront.net (CloudFront)', 'X-Amz-Cf-Pop': 'EWR50-C1', 'X-Amz-Cf-Id': 'DlIDmnbi9g4829ymWMQk5x4ZED8MkvPUIG_m4koIrKZRsY7sMGOAeA=='} 
 body={"message":"Unauthorized"} 
 </msg>
<msg timestamp="20220701 07:59:20.997" level="FAIL">Url: https://8bpqgqz68e.execute-api.us-east-1.amazonaws.com/dev/bcat/incumbent_electric_providers_geo/tiles/10/278/408.pbf Expected status: 401 != 200</msg>
<status status="FAIL" starttime="20220701 07:59:20.942" endtime="20220701 07:59:20.997"/>
</kw>
<status status="FAIL" starttime="20220701 07:59:20.942" endtime="20220701 07:59:20.998"/>
</kw>
<status status="FAIL" starttime="20220701 07:59:20.941" endtime="20220701 07:59:20.998">Url: https://8bpqgqz68e.execute-api.us-east-1.amazonaws.com/dev/bcat/incumbent_electric_providers_geo/tiles/10/278/408.pbf Expected status: 401 != 200</status>
</test>
<status status="FAIL" starttime="20220701 07:59:20.613" endtime="20220701 07:59:20.998"/>
</suite>
<status status="FAIL" starttime="20220701 07:59:19.427" endtime="20220701 07:59:20.999"/>
</suite>
<statistics>
<total>
<stat pass="0" fail="30" skip="0">All Tests</stat>
</total>
<tag>
</tag>
<suite>
<stat pass="0" fail="30" skip="0" id="s1" name="Local">Local</stat>
<stat pass="0" fail="10" skip="0" id="s1-s1" name="Test Bcat Geojson Api">Local.Test Bcat Geojson Api</stat>
<stat pass="0" fail="4" skip="0" id="s1-s2" name="Test Bcat Geojson Defensive">Local.Test Bcat Geojson Defensive</stat>
<stat pass="0" fail="8" skip="0" id="s1-s3" name="Test Bcat Spatial Api">Local.Test Bcat Spatial Api</stat>
<stat pass="0" fail="8" skip="0" id="s1-s4" name="Test Mvt">Local.Test Mvt</stat>
</suite>
</statistics>
<errors>
</errors>
</robot>
